main start at this time 1634599976.4498627
Namespace(R=5, aggre='lstm', batch_size=157393, data_cpu=False, dataset='ogbn-mag', dropout=0.5, eval_batch_size=100000, eval_every=5, fan_out='10', gpu=0, inductive=False, log_every=5, lr=0.003, num_epochs=30, num_hidden=16, num_layers=1, num_workers=4, seed=1236, selection_method='random', weight_decay=0)
load ogbn-mag
-------------------------------------------------------------data = DglNodePropPredDataset(name=name)***************************

 step Time(s): 0.5372
finish loading ogbn-mag
target_type_id  3
counts tensor([1134649,   59965,    8740,  736389])
len(paper label)
736389
{'train': {'paper': tensor([     0,      1,      2,  ..., 736386, 736387, 736388])}, 'valid': {'paper': tensor([   332,    756,    784,  ..., 736364, 736367, 736370])}, 'test': {'paper': tensor([   359,    411,    608,  ..., 736358, 736384, 736385])}}
# total Nodes: 1939743
# total Edges: 42222014
# paper graph Labels: 736389
# paper graph Train: 629571
# paper graph Val: 64879
# paper graph Test: 41939
# paper graph Classes: 349
Compute neighbor-averaged feats
in_feats
128
feats
6
torch.Size([736389, 128])
train_nfeat
tensor([[-0.0954,  0.0408, -0.2109,  ...,  0.0616, -0.0277, -0.1338],
        [-0.1510, -0.1073, -0.2220,  ...,  0.3458, -0.0277, -0.2185],
        [-0.1148, -0.1760, -0.2606,  ...,  0.1731, -0.1564, -0.2780],
        ...,
        [ 0.0228, -0.0865,  0.0981,  ..., -0.0547, -0.2077, -0.2305],
        [-0.2891, -0.2029, -0.1525,  ...,  0.1042,  0.2041, -0.3528],
        [-0.0890, -0.0348, -0.2642,  ...,  0.2601, -0.0875, -0.5171]])
torch.Size([736389, 128])
labels
tensor([246, 131, 189,  ..., 266, 289,   1])
736389
g.ndata
tensor([1203354, 1203355, 1203356,  ..., 1939740, 1939741, 1939742])
{'_ID': tensor([1203354, 1203355, 1203356,  ..., 1939740, 1939741, 1939742]), '_TYPE': tensor([3, 3, 3,  ..., 3, 3, 3]), 'target_mask': tensor([True, True, True,  ..., True, True, True])}
--------------------------------------------------------------------------------start epoch  1
train nodes number of this epoch  2149633
------------------------------------------------------------------time -------------------------------train  4.606574535369873
--------------------------------------------------------------------------------start epoch  2
train nodes number of this epoch  2150699
------------------------------------------------------------------time -------------------------------train  3.881399393081665
--------------------------------------------------------------------------------start epoch  3
train nodes number of this epoch  2150845
------------------------------------------------------------------time -------------------------------train  3.7661149501800537
--------------------------------------------------------------------------------start epoch  4
train nodes number of this epoch  2150654
------------------------------------------------------------------time -------------------------------train  3.8854589462280273
--------------------------------------------------------------------------------start epoch  5
train nodes number of this epoch  2149654
------------------------------------------------------------------time -------------------------------train  3.9269137382507324
--------------------------------------------------------------------------------start epoch  6
train nodes number of this epoch  2149943
------------------------------------------------------------------time -------------------------------train  3.899732828140259
--------------------------------------------------------------------------------start epoch  7
train nodes number of this epoch  2149670
------------------------------------------------------------------time -------------------------------train  3.7305870056152344
--------------------------------------------------------------------------------start epoch  8
train nodes number of this epoch  2150679
------------------------------------------------------------------time -------------------------------train  3.8355722427368164
--------------------------------------------------------------------------------start epoch  9
train nodes number of this epoch  2150923
------------------------------------------------------------------time -------------------------------train  3.8551788330078125
--------------------------------------------------------------------------------start epoch  10
train nodes number of this epoch  2150598
------------------------------------------------------------------time -------------------------------train  3.7037127017974854
--------------------------------------------------------------------------------start epoch  11
train nodes number of this epoch  2150492
------------------------------------------------------------------time -------------------------------train  4.03150200843811
--------------------------------------------------------------------------------start epoch  12
train nodes number of this epoch  2149032
------------------------------------------------------------------time -------------------------------train  3.891481876373291
--------------------------------------------------------------------------------start epoch  13
train nodes number of this epoch  2150564
------------------------------------------------------------------time -------------------------------train  3.898597478866577
--------------------------------------------------------------------------------start epoch  14
train nodes number of this epoch  2149553
------------------------------------------------------------------time -------------------------------train  3.986377716064453
--------------------------------------------------------------------------------start epoch  15
train nodes number of this epoch  2149695
------------------------------------------------------------------time -------------------------------train  3.960993766784668
--------------------------------------------------------------------------------start epoch  16
train nodes number of this epoch  2150983
------------------------------------------------------------------time -------------------------------train  3.7744340896606445
--------------------------------------------------------------------------------start epoch  17
train nodes number of this epoch  2150008
------------------------------------------------------------------time -------------------------------train  3.893240213394165
--------------------------------------------------------------------------------start epoch  18
train nodes number of this epoch  2149450
------------------------------------------------------------------time -------------------------------train  3.9587714672088623
--------------------------------------------------------------------------------start epoch  19
train nodes number of this epoch  2150035
------------------------------------------------------------------time -------------------------------train  3.9569997787475586
--------------------------------------------------------------------------------start epoch  20
train nodes number of this epoch  2149568
------------------------------------------------------------------time -------------------------------train  4.0071656703948975
--------------------------------------------------------------------------------start epoch  21
train nodes number of this epoch  2149939
------------------------------------------------------------------time -------------------------------train  4.121305704116821
--------------------------------------------------------------------------------start epoch  22
train nodes number of this epoch  2150193
------------------------------------------------------------------time -------------------------------train  4.130873680114746
--------------------------------------------------------------------------------start epoch  23
train nodes number of this epoch  2150950
------------------------------------------------------------------time -------------------------------train  3.947570562362671
--------------------------------------------------------------------------------start epoch  24
train nodes number of this epoch  2150338
------------------------------------------------------------------time -------------------------------train  3.8017029762268066
--------------------------------------------------------------------------------start epoch  25
train nodes number of this epoch  2150254
------------------------------------------------------------------time -------------------------------train  3.809147596359253
--------------------------------------------------------------------------------start epoch  26
train nodes number of this epoch  2149678
------------------------------------------------------------------time -------------------------------train  3.882324695587158
--------------------------------------------------------------------------------start epoch  27
train nodes number of this epoch  2149981
------------------------------------------------------------------time -------------------------------train  3.8435349464416504
--------------------------------------------------------------------------------start epoch  28
train nodes number of this epoch  2150503
------------------------------------------------------------------time -------------------------------train  3.7500641345977783
--------------------------------------------------------------------------------start epoch  29
train nodes number of this epoch  2150738
------------------------------------------------------------------time -------------------------------train  3.9467878341674805
--------------------------------------------------------------------------------start epoch  30
train nodes number of this epoch  2149976
------------------------------------------------------------------time -------------------------------train  3.8562161922454834
	total avg iteration(step) data from cpu to GPU time:0.71307738 s
	total avg iteration GPU training time:1.07913506 s
	total avg iteration (step) total CPU time:1.79375633 s
	total avg epoch total CPU time including train loader :3.89450714 s
	avg epoch nodes input :2150174.26666667 s
--------------------------------------------------------------------------------end training
time for training epoches
num of epoches  30
avg epoches training time  3.898325040422637
