main start at this time 1634600835.0250528
Namespace(R=5, aggre='lstm', batch_size=19675, data_cpu=False, dataset='ogbn-mag', dropout=0.5, eval_batch_size=100000, eval_every=5, fan_out='10', gpu=0, inductive=False, log_every=5, lr=0.003, num_epochs=30, num_hidden=16, num_layers=1, num_workers=4, seed=1236, selection_method='random', weight_decay=0)
load ogbn-mag
-------------------------------------------------------------data = DglNodePropPredDataset(name=name)***************************

 step Time(s): 0.4797
finish loading ogbn-mag
target_type_id  3
counts tensor([1134649,   59965,    8740,  736389])
len(paper label)
736389
{'train': {'paper': tensor([     0,      1,      2,  ..., 736386, 736387, 736388])}, 'valid': {'paper': tensor([   332,    756,    784,  ..., 736364, 736367, 736370])}, 'test': {'paper': tensor([   359,    411,    608,  ..., 736358, 736384, 736385])}}
# total Nodes: 1939743
# total Edges: 42222014
# paper graph Labels: 736389
# paper graph Train: 629571
# paper graph Val: 64879
# paper graph Test: 41939
# paper graph Classes: 349
Compute neighbor-averaged feats
in_feats
128
feats
6
torch.Size([736389, 128])
train_nfeat
tensor([[-0.0954,  0.0408, -0.2109,  ...,  0.0616, -0.0277, -0.1338],
        [-0.1510, -0.1073, -0.2220,  ...,  0.3458, -0.0277, -0.2185],
        [-0.1148, -0.1760, -0.2606,  ...,  0.1731, -0.1564, -0.2780],
        ...,
        [ 0.0228, -0.0865,  0.0981,  ..., -0.0547, -0.2077, -0.2305],
        [-0.2891, -0.2029, -0.1525,  ...,  0.1042,  0.2041, -0.3528],
        [-0.0890, -0.0348, -0.2642,  ...,  0.2601, -0.0875, -0.5171]])
torch.Size([736389, 128])
labels
tensor([246, 131, 189,  ..., 266, 289,   1])
736389
g.ndata
tensor([1203354, 1203355, 1203356,  ..., 1939740, 1939741, 1939742])
{'_ID': tensor([1203354, 1203355, 1203356,  ..., 1939740, 1939741, 1939742]), '_TYPE': tensor([3, 3, 3,  ..., 3, 3, 3]), 'target_mask': tensor([True, True, True,  ..., True, True, True])}
--------------------------------------------------------------------------------start epoch  1
train nodes number of this epoch  4173237
------------------------------------------------------------------time -------------------------------train  5.780776023864746
--------------------------------------------------------------------------------start epoch  2
train nodes number of this epoch  4174473
------------------------------------------------------------------time -------------------------------train  5.069870233535767
--------------------------------------------------------------------------------start epoch  3
train nodes number of this epoch  4175784
------------------------------------------------------------------time -------------------------------train  4.8587646484375
--------------------------------------------------------------------------------start epoch  4
train nodes number of this epoch  4175412
------------------------------------------------------------------time -------------------------------train  5.173575401306152
--------------------------------------------------------------------------------start epoch  5
train nodes number of this epoch  4175185
------------------------------------------------------------------time -------------------------------train  5.447206258773804
--------------------------------------------------------------------------------start epoch  6
train nodes number of this epoch  4174688
------------------------------------------------------------------time -------------------------------train  5.09469199180603
--------------------------------------------------------------------------------start epoch  7
train nodes number of this epoch  4173282
------------------------------------------------------------------time -------------------------------train  5.257956027984619
--------------------------------------------------------------------------------start epoch  8
train nodes number of this epoch  4175495
------------------------------------------------------------------time -------------------------------train  5.16551947593689
--------------------------------------------------------------------------------start epoch  9
train nodes number of this epoch  4174554
------------------------------------------------------------------time -------------------------------train  5.202723979949951
--------------------------------------------------------------------------------start epoch  10
train nodes number of this epoch  4173707
------------------------------------------------------------------time -------------------------------train  5.048952579498291
--------------------------------------------------------------------------------start epoch  11
train nodes number of this epoch  4175830
------------------------------------------------------------------time -------------------------------train  5.303744554519653
--------------------------------------------------------------------------------start epoch  12
train nodes number of this epoch  4175170
------------------------------------------------------------------time -------------------------------train  5.2720947265625
--------------------------------------------------------------------------------start epoch  13
train nodes number of this epoch  4174815
------------------------------------------------------------------time -------------------------------train  5.153527498245239
--------------------------------------------------------------------------------start epoch  14
train nodes number of this epoch  4173792
------------------------------------------------------------------time -------------------------------train  5.037694692611694
--------------------------------------------------------------------------------start epoch  15
train nodes number of this epoch  4176319
------------------------------------------------------------------time -------------------------------train  5.141123533248901
--------------------------------------------------------------------------------start epoch  16
train nodes number of this epoch  4173934
------------------------------------------------------------------time -------------------------------train  4.809986591339111
--------------------------------------------------------------------------------start epoch  17
train nodes number of this epoch  4174688
------------------------------------------------------------------time -------------------------------train  5.18953800201416
--------------------------------------------------------------------------------start epoch  18
train nodes number of this epoch  4176701
------------------------------------------------------------------time -------------------------------train  5.264383316040039
--------------------------------------------------------------------------------start epoch  19
train nodes number of this epoch  4174027
------------------------------------------------------------------time -------------------------------train  4.985095739364624
--------------------------------------------------------------------------------start epoch  20
train nodes number of this epoch  4174774
------------------------------------------------------------------time -------------------------------train  5.0315165519714355
--------------------------------------------------------------------------------start epoch  21
train nodes number of this epoch  4174811
------------------------------------------------------------------time -------------------------------train  4.998641014099121
--------------------------------------------------------------------------------start epoch  22
train nodes number of this epoch  4174772
------------------------------------------------------------------time -------------------------------train  4.828881025314331
--------------------------------------------------------------------------------start epoch  23
train nodes number of this epoch  4174012
------------------------------------------------------------------time -------------------------------train  4.902832508087158
--------------------------------------------------------------------------------start epoch  24
train nodes number of this epoch  4175599
------------------------------------------------------------------time -------------------------------train  5.3781397342681885
--------------------------------------------------------------------------------start epoch  25
train nodes number of this epoch  4173396
------------------------------------------------------------------time -------------------------------train  4.870602130889893
--------------------------------------------------------------------------------start epoch  26
train nodes number of this epoch  4175971
------------------------------------------------------------------time -------------------------------train  4.9089744091033936
--------------------------------------------------------------------------------start epoch  27
train nodes number of this epoch  4176235
------------------------------------------------------------------time -------------------------------train  4.969800710678101
--------------------------------------------------------------------------------start epoch  28
train nodes number of this epoch  4175971
------------------------------------------------------------------time -------------------------------train  5.464035272598267
--------------------------------------------------------------------------------start epoch  29
train nodes number of this epoch  4175019
------------------------------------------------------------------time -------------------------------train  4.846763372421265
--------------------------------------------------------------------------------start epoch  30
train nodes number of this epoch  4174345
------------------------------------------------------------------time -------------------------------train  5.171797513961792
	total avg iteration(step) data from cpu to GPU time:1.55824368 s
	total avg iteration GPU training time:2.03074613 s
	total avg iteration (step) total CPU time:3.59722465 s
	total avg epoch total CPU time including train loader :5.09896463 s
	avg epoch nodes input :4174866.60000000 s
--------------------------------------------------------------------------------end training
time for training epoches
num of epoches  30
avg epoches training time  5.100287494988277
