main start at this time 1634600516.2934923
Namespace(R=5, aggre='lstm', batch_size=39349, data_cpu=False, dataset='ogbn-mag', dropout=0.5, eval_batch_size=100000, eval_every=5, fan_out='10', gpu=0, inductive=False, log_every=5, lr=0.003, num_epochs=30, num_hidden=16, num_layers=1, num_workers=4, seed=1236, selection_method='random', weight_decay=0)
load ogbn-mag
-------------------------------------------------------------data = DglNodePropPredDataset(name=name)***************************

 step Time(s): 0.4866
finish loading ogbn-mag
target_type_id  3
counts tensor([1134649,   59965,    8740,  736389])
len(paper label)
736389
{'train': {'paper': tensor([     0,      1,      2,  ..., 736386, 736387, 736388])}, 'valid': {'paper': tensor([   332,    756,    784,  ..., 736364, 736367, 736370])}, 'test': {'paper': tensor([   359,    411,    608,  ..., 736358, 736384, 736385])}}
# total Nodes: 1939743
# total Edges: 42222014
# paper graph Labels: 736389
# paper graph Train: 629571
# paper graph Val: 64879
# paper graph Test: 41939
# paper graph Classes: 349
Compute neighbor-averaged feats
in_feats
128
feats
6
torch.Size([736389, 128])
train_nfeat
tensor([[-0.0954,  0.0408, -0.2109,  ...,  0.0616, -0.0277, -0.1338],
        [-0.1510, -0.1073, -0.2220,  ...,  0.3458, -0.0277, -0.2185],
        [-0.1148, -0.1760, -0.2606,  ...,  0.1731, -0.1564, -0.2780],
        ...,
        [ 0.0228, -0.0865,  0.0981,  ..., -0.0547, -0.2077, -0.2305],
        [-0.2891, -0.2029, -0.1525,  ...,  0.1042,  0.2041, -0.3528],
        [-0.0890, -0.0348, -0.2642,  ...,  0.2601, -0.0875, -0.5171]])
torch.Size([736389, 128])
labels
tensor([246, 131, 189,  ..., 266, 289,   1])
736389
g.ndata
tensor([1203354, 1203355, 1203356,  ..., 1939740, 1939741, 1939742])
{'_ID': tensor([1203354, 1203355, 1203356,  ..., 1939740, 1939741, 1939742]), '_TYPE': tensor([3, 3, 3,  ..., 3, 3, 3]), 'target_mask': tensor([True, True, True,  ..., True, True, True])}
--------------------------------------------------------------------------------start epoch  1
train nodes number of this epoch  3683618
------------------------------------------------------------------time -------------------------------train  4.963176250457764
--------------------------------------------------------------------------------start epoch  2
train nodes number of this epoch  3684939
------------------------------------------------------------------time -------------------------------train  4.34909725189209
--------------------------------------------------------------------------------start epoch  3
train nodes number of this epoch  3686104
------------------------------------------------------------------time -------------------------------train  3.9223787784576416
--------------------------------------------------------------------------------start epoch  4
train nodes number of this epoch  3685434
------------------------------------------------------------------time -------------------------------train  4.209876775741577
--------------------------------------------------------------------------------start epoch  5
train nodes number of this epoch  3683563
------------------------------------------------------------------time -------------------------------train  4.3068811893463135
--------------------------------------------------------------------------------start epoch  6
train nodes number of this epoch  3681563
------------------------------------------------------------------time -------------------------------train  4.21320915222168
--------------------------------------------------------------------------------start epoch  7
train nodes number of this epoch  3683010
------------------------------------------------------------------time -------------------------------train  4.212762355804443
--------------------------------------------------------------------------------start epoch  8
train nodes number of this epoch  3685127
------------------------------------------------------------------time -------------------------------train  4.0873801708221436
--------------------------------------------------------------------------------start epoch  9
train nodes number of this epoch  3684180
------------------------------------------------------------------time -------------------------------train  4.134937286376953
--------------------------------------------------------------------------------start epoch  10
train nodes number of this epoch  3683954
------------------------------------------------------------------time -------------------------------train  4.237083673477173
--------------------------------------------------------------------------------start epoch  11
train nodes number of this epoch  3684718
------------------------------------------------------------------time -------------------------------train  4.035662889480591
--------------------------------------------------------------------------------start epoch  12
train nodes number of this epoch  3682278
------------------------------------------------------------------time -------------------------------train  4.080190658569336
--------------------------------------------------------------------------------start epoch  13
train nodes number of this epoch  3685302
------------------------------------------------------------------time -------------------------------train  4.059227228164673
--------------------------------------------------------------------------------start epoch  14
train nodes number of this epoch  3683925
------------------------------------------------------------------time -------------------------------train  4.016713380813599
--------------------------------------------------------------------------------start epoch  15
train nodes number of this epoch  3685747
------------------------------------------------------------------time -------------------------------train  4.011799097061157
--------------------------------------------------------------------------------start epoch  16
train nodes number of this epoch  3683985
------------------------------------------------------------------time -------------------------------train  4.164456129074097
--------------------------------------------------------------------------------start epoch  17
train nodes number of this epoch  3685160
------------------------------------------------------------------time -------------------------------train  4.323201656341553
--------------------------------------------------------------------------------start epoch  18
train nodes number of this epoch  3684339
------------------------------------------------------------------time -------------------------------train  3.886289119720459
--------------------------------------------------------------------------------start epoch  19
train nodes number of this epoch  3683907
------------------------------------------------------------------time -------------------------------train  4.159624814987183
--------------------------------------------------------------------------------start epoch  20
train nodes number of this epoch  3682990
------------------------------------------------------------------time -------------------------------train  4.097785949707031
--------------------------------------------------------------------------------start epoch  21
train nodes number of this epoch  3683611
------------------------------------------------------------------time -------------------------------train  3.925537586212158
--------------------------------------------------------------------------------start epoch  22
train nodes number of this epoch  3683384
------------------------------------------------------------------time -------------------------------train  4.219183444976807
--------------------------------------------------------------------------------start epoch  23
train nodes number of this epoch  3683104
------------------------------------------------------------------time -------------------------------train  4.077154636383057
--------------------------------------------------------------------------------start epoch  24
train nodes number of this epoch  3683751
------------------------------------------------------------------time -------------------------------train  4.202994108200073
--------------------------------------------------------------------------------start epoch  25
train nodes number of this epoch  3684497
------------------------------------------------------------------time -------------------------------train  3.998809337615967
--------------------------------------------------------------------------------start epoch  26
train nodes number of this epoch  3684236
------------------------------------------------------------------time -------------------------------train  4.1019206047058105
--------------------------------------------------------------------------------start epoch  27
train nodes number of this epoch  3684546
------------------------------------------------------------------time -------------------------------train  4.0023627281188965
--------------------------------------------------------------------------------start epoch  28
train nodes number of this epoch  3683861
------------------------------------------------------------------time -------------------------------train  4.23746657371521
--------------------------------------------------------------------------------start epoch  29
train nodes number of this epoch  3684460
------------------------------------------------------------------time -------------------------------train  3.8766987323760986
--------------------------------------------------------------------------------start epoch  30
train nodes number of this epoch  3683694
------------------------------------------------------------------time -------------------------------train  4.110756874084473
	total avg iteration(step) data from cpu to GPU time:1.24260840 s
	total avg iteration GPU training time:1.24755924 s
	total avg iteration (step) total CPU time:2.49452053 s
	total avg epoch total CPU time including train loader :4.10376292 s
	avg epoch nodes input :3684099.56666667 s
--------------------------------------------------------------------------------end training
time for training epoches
num of epoches  30
avg epoches training time  4.115566607179312
