main start at this time 1634601796.8414333
Namespace(R=5, aggre='lstm', batch_size=4949, data_cpu=False, dataset='ogbn-mag', dropout=0.5, eval_batch_size=100000, eval_every=5, fan_out='10', gpu=0, inductive=False, log_every=5, lr=0.003, num_epochs=30, num_hidden=16, num_layers=1, num_workers=4, seed=1236, selection_method='random', weight_decay=0)
load ogbn-mag
-------------------------------------------------------------data = DglNodePropPredDataset(name=name)***************************

 step Time(s): 0.4796
finish loading ogbn-mag
target_type_id  3
counts tensor([1134649,   59965,    8740,  736389])
len(paper label)
736389
{'train': {'paper': tensor([     0,      1,      2,  ..., 736386, 736387, 736388])}, 'valid': {'paper': tensor([   332,    756,    784,  ..., 736364, 736367, 736370])}, 'test': {'paper': tensor([   359,    411,    608,  ..., 736358, 736384, 736385])}}
# total Nodes: 1939743
# total Edges: 42222014
# paper graph Labels: 736389
# paper graph Train: 629571
# paper graph Val: 64879
# paper graph Test: 41939
# paper graph Classes: 349
Compute neighbor-averaged feats
in_feats
128
feats
6
torch.Size([736389, 128])
train_nfeat
tensor([[-0.0954,  0.0408, -0.2109,  ...,  0.0616, -0.0277, -0.1338],
        [-0.1510, -0.1073, -0.2220,  ...,  0.3458, -0.0277, -0.2185],
        [-0.1148, -0.1760, -0.2606,  ...,  0.1731, -0.1564, -0.2780],
        ...,
        [ 0.0228, -0.0865,  0.0981,  ..., -0.0547, -0.2077, -0.2305],
        [-0.2891, -0.2029, -0.1525,  ...,  0.1042,  0.2041, -0.3528],
        [-0.0890, -0.0348, -0.2642,  ...,  0.2601, -0.0875, -0.5171]])
torch.Size([736389, 128])
labels
tensor([246, 131, 189,  ..., 266, 289,   1])
736389
g.ndata
tensor([1203354, 1203355, 1203356,  ..., 1939740, 1939741, 1939742])
{'_ID': tensor([1203354, 1203355, 1203356,  ..., 1939740, 1939741, 1939742]), '_TYPE': tensor([3, 3, 3,  ..., 3, 3, 3]), 'target_mask': tensor([True, True, True,  ..., True, True, True])}
--------------------------------------------------------------------------------start epoch  1
train nodes number of this epoch  4668945
------------------------------------------------------------------time -------------------------------train  10.48740005493164
--------------------------------------------------------------------------------start epoch  2
train nodes number of this epoch  4668478
------------------------------------------------------------------time -------------------------------train  10.095820665359497
--------------------------------------------------------------------------------start epoch  3
train nodes number of this epoch  4668755
------------------------------------------------------------------time -------------------------------train  8.522902727127075
--------------------------------------------------------------------------------start epoch  4
train nodes number of this epoch  4668502
------------------------------------------------------------------time -------------------------------train  9.722935676574707
--------------------------------------------------------------------------------start epoch  5
train nodes number of this epoch  4669378
------------------------------------------------------------------time -------------------------------train  10.965306997299194
--------------------------------------------------------------------------------start epoch  6
train nodes number of this epoch  4668179
------------------------------------------------------------------time -------------------------------train  10.777522802352905
--------------------------------------------------------------------------------start epoch  7
train nodes number of this epoch  4668172
------------------------------------------------------------------time -------------------------------train  9.740417242050171
--------------------------------------------------------------------------------start epoch  8
train nodes number of this epoch  4669185
------------------------------------------------------------------time -------------------------------train  9.7440345287323
--------------------------------------------------------------------------------start epoch  9
train nodes number of this epoch  4667849
------------------------------------------------------------------time -------------------------------train  10.771613121032715
--------------------------------------------------------------------------------start epoch  10
train nodes number of this epoch  4667317
------------------------------------------------------------------time -------------------------------train  9.8940589427948
--------------------------------------------------------------------------------start epoch  11
train nodes number of this epoch  4668501
------------------------------------------------------------------time -------------------------------train  10.450591802597046
--------------------------------------------------------------------------------start epoch  12
train nodes number of this epoch  4668825
------------------------------------------------------------------time -------------------------------train  10.207095861434937
--------------------------------------------------------------------------------start epoch  13
train nodes number of this epoch  4668793
------------------------------------------------------------------time -------------------------------train  9.314758062362671
--------------------------------------------------------------------------------start epoch  14
train nodes number of this epoch  4669000
------------------------------------------------------------------time -------------------------------train  9.877536058425903
--------------------------------------------------------------------------------start epoch  15
train nodes number of this epoch  4668934
------------------------------------------------------------------time -------------------------------train  10.371670484542847
--------------------------------------------------------------------------------start epoch  16
train nodes number of this epoch  4668566
------------------------------------------------------------------time -------------------------------train  10.098149061203003
--------------------------------------------------------------------------------start epoch  17
train nodes number of this epoch  4668695
------------------------------------------------------------------time -------------------------------train  10.130520343780518
--------------------------------------------------------------------------------start epoch  18
train nodes number of this epoch  4669390
------------------------------------------------------------------time -------------------------------train  10.330007553100586
--------------------------------------------------------------------------------start epoch  19
train nodes number of this epoch  4668520
------------------------------------------------------------------time -------------------------------train  9.46765923500061
--------------------------------------------------------------------------------start epoch  20
train nodes number of this epoch  4668745
------------------------------------------------------------------time -------------------------------train  8.390544414520264
--------------------------------------------------------------------------------start epoch  21
train nodes number of this epoch  4668935
------------------------------------------------------------------time -------------------------------train  8.2853364944458
--------------------------------------------------------------------------------start epoch  22
train nodes number of this epoch  4668563
------------------------------------------------------------------time -------------------------------train  9.057340860366821
--------------------------------------------------------------------------------start epoch  23
train nodes number of this epoch  4669438
------------------------------------------------------------------time -------------------------------train  10.071835994720459
--------------------------------------------------------------------------------start epoch  24
train nodes number of this epoch  4669157
------------------------------------------------------------------time -------------------------------train  10.2986900806427
--------------------------------------------------------------------------------start epoch  25
train nodes number of this epoch  4667833
------------------------------------------------------------------time -------------------------------train  9.217901229858398
--------------------------------------------------------------------------------start epoch  26
train nodes number of this epoch  4668725
------------------------------------------------------------------time -------------------------------train  9.83850622177124
--------------------------------------------------------------------------------start epoch  27
train nodes number of this epoch  4668192
------------------------------------------------------------------time -------------------------------train  10.034364461898804
--------------------------------------------------------------------------------start epoch  28
train nodes number of this epoch  4668915
------------------------------------------------------------------time -------------------------------train  10.34489917755127
--------------------------------------------------------------------------------start epoch  29
train nodes number of this epoch  4668529
------------------------------------------------------------------time -------------------------------train  10.311224699020386
--------------------------------------------------------------------------------start epoch  30
train nodes number of this epoch  4668607
------------------------------------------------------------------time -------------------------------train  10.239543914794922
	total avg iteration(step) data from cpu to GPU time:1.64374566 s
	total avg iteration GPU training time:6.59459360 s
	total avg iteration (step) total CPU time:8.26851084 s
	total avg epoch total CPU time including train loader :9.87391420 s
	avg epoch nodes input :4668654.10000000 s
--------------------------------------------------------------------------------end training
time for training epoches
num of epoches  30
avg epoches training time  9.882623614936039
