main start at this time 1634600243.9137032
Namespace(R=5, aggre='lstm', batch_size=78697, data_cpu=False, dataset='ogbn-mag', dropout=0.5, eval_batch_size=100000, eval_every=5, fan_out='10', gpu=0, inductive=False, log_every=5, lr=0.003, num_epochs=30, num_hidden=16, num_layers=1, num_workers=4, seed=1236, selection_method='random', weight_decay=0)
load ogbn-mag
-------------------------------------------------------------data = DglNodePropPredDataset(name=name)***************************

 step Time(s): 0.5381
finish loading ogbn-mag
target_type_id  3
counts tensor([1134649,   59965,    8740,  736389])
len(paper label)
736389
{'train': {'paper': tensor([     0,      1,      2,  ..., 736386, 736387, 736388])}, 'valid': {'paper': tensor([   332,    756,    784,  ..., 736364, 736367, 736370])}, 'test': {'paper': tensor([   359,    411,    608,  ..., 736358, 736384, 736385])}}
# total Nodes: 1939743
# total Edges: 42222014
# paper graph Labels: 736389
# paper graph Train: 629571
# paper graph Val: 64879
# paper graph Test: 41939
# paper graph Classes: 349
Compute neighbor-averaged feats
in_feats
128
feats
6
torch.Size([736389, 128])
train_nfeat
tensor([[-0.0954,  0.0408, -0.2109,  ...,  0.0616, -0.0277, -0.1338],
        [-0.1510, -0.1073, -0.2220,  ...,  0.3458, -0.0277, -0.2185],
        [-0.1148, -0.1760, -0.2606,  ...,  0.1731, -0.1564, -0.2780],
        ...,
        [ 0.0228, -0.0865,  0.0981,  ..., -0.0547, -0.2077, -0.2305],
        [-0.2891, -0.2029, -0.1525,  ...,  0.1042,  0.2041, -0.3528],
        [-0.0890, -0.0348, -0.2642,  ...,  0.2601, -0.0875, -0.5171]])
torch.Size([736389, 128])
labels
tensor([246, 131, 189,  ..., 266, 289,   1])
736389
g.ndata
tensor([1203354, 1203355, 1203356,  ..., 1939740, 1939741, 1939742])
{'_ID': tensor([1203354, 1203355, 1203356,  ..., 1939740, 1939741, 1939742]), '_TYPE': tensor([3, 3, 3,  ..., 3, 3, 3]), 'target_mask': tensor([True, True, True,  ..., True, True, True])}
--------------------------------------------------------------------------------start epoch  1
train nodes number of this epoch  2987446
------------------------------------------------------------------time -------------------------------train  4.75236964225769
--------------------------------------------------------------------------------start epoch  2
train nodes number of this epoch  2989199
------------------------------------------------------------------time -------------------------------train  3.8972554206848145
--------------------------------------------------------------------------------start epoch  3
train nodes number of this epoch  2989816
------------------------------------------------------------------time -------------------------------train  3.9077131748199463
--------------------------------------------------------------------------------start epoch  4
train nodes number of this epoch  2989765
------------------------------------------------------------------time -------------------------------train  3.828613519668579
--------------------------------------------------------------------------------start epoch  5
train nodes number of this epoch  2987266
------------------------------------------------------------------time -------------------------------train  3.940419912338257
--------------------------------------------------------------------------------start epoch  6
train nodes number of this epoch  2988927
------------------------------------------------------------------time -------------------------------train  3.8390307426452637
--------------------------------------------------------------------------------start epoch  7
train nodes number of this epoch  2988212
------------------------------------------------------------------time -------------------------------train  3.757577419281006
--------------------------------------------------------------------------------start epoch  8
train nodes number of this epoch  2988088
------------------------------------------------------------------time -------------------------------train  3.6150429248809814
--------------------------------------------------------------------------------start epoch  9
train nodes number of this epoch  2989610
------------------------------------------------------------------time -------------------------------train  3.710783004760742
--------------------------------------------------------------------------------start epoch  10
train nodes number of this epoch  2988463
------------------------------------------------------------------time -------------------------------train  3.6679940223693848
--------------------------------------------------------------------------------start epoch  11
train nodes number of this epoch  2988617
------------------------------------------------------------------time -------------------------------train  3.499453544616699
--------------------------------------------------------------------------------start epoch  12
train nodes number of this epoch  2987830
------------------------------------------------------------------time -------------------------------train  3.675884246826172
--------------------------------------------------------------------------------start epoch  13
train nodes number of this epoch  2989880
------------------------------------------------------------------time -------------------------------train  3.763308048248291
--------------------------------------------------------------------------------start epoch  14
train nodes number of this epoch  2988031
------------------------------------------------------------------time -------------------------------train  3.6581783294677734
--------------------------------------------------------------------------------start epoch  15
train nodes number of this epoch  2989237
------------------------------------------------------------------time -------------------------------train  3.7406184673309326
--------------------------------------------------------------------------------start epoch  16
train nodes number of this epoch  2989267
------------------------------------------------------------------time -------------------------------train  3.675891876220703
--------------------------------------------------------------------------------start epoch  17
train nodes number of this epoch  2988609
------------------------------------------------------------------time -------------------------------train  3.5946717262268066
--------------------------------------------------------------------------------start epoch  18
train nodes number of this epoch  2988130
------------------------------------------------------------------time -------------------------------train  3.536517858505249
--------------------------------------------------------------------------------start epoch  19
train nodes number of this epoch  2989469
------------------------------------------------------------------time -------------------------------train  3.667102336883545
--------------------------------------------------------------------------------start epoch  20
train nodes number of this epoch  2987640
------------------------------------------------------------------time -------------------------------train  3.5561158657073975
--------------------------------------------------------------------------------start epoch  21
train nodes number of this epoch  2989298
------------------------------------------------------------------time -------------------------------train  3.706015110015869
--------------------------------------------------------------------------------start epoch  22
train nodes number of this epoch  2989032
------------------------------------------------------------------time -------------------------------train  3.7389559745788574
--------------------------------------------------------------------------------start epoch  23
train nodes number of this epoch  2989608
------------------------------------------------------------------time -------------------------------train  3.65313458442688
--------------------------------------------------------------------------------start epoch  24
train nodes number of this epoch  2990021
------------------------------------------------------------------time -------------------------------train  3.7113254070281982
--------------------------------------------------------------------------------start epoch  25
train nodes number of this epoch  2988829
------------------------------------------------------------------time -------------------------------train  3.657461643218994
--------------------------------------------------------------------------------start epoch  26
train nodes number of this epoch  2988384
------------------------------------------------------------------time -------------------------------train  3.6866936683654785
--------------------------------------------------------------------------------start epoch  27
train nodes number of this epoch  2987918
------------------------------------------------------------------time -------------------------------train  3.6674537658691406
--------------------------------------------------------------------------------start epoch  28
train nodes number of this epoch  2988611
------------------------------------------------------------------time -------------------------------train  3.593334436416626
--------------------------------------------------------------------------------start epoch  29
train nodes number of this epoch  2989424
------------------------------------------------------------------time -------------------------------train  3.721116065979004
--------------------------------------------------------------------------------start epoch  30
train nodes number of this epoch  2988215
------------------------------------------------------------------time -------------------------------train  3.633986234664917
	total avg iteration(step) data from cpu to GPU time:0.90998668 s
	total avg iteration GPU training time:1.00137287 s
	total avg iteration (step) total CPU time:1.91374952 s
	total avg epoch total CPU time including train loader :3.69278049 s
	avg epoch nodes input :2988761.40000000 s
--------------------------------------------------------------------------------end training
time for training epoches
num of epoches  30
avg epoches training time  3.703760813022482
