main start at this time 1634601237.8443286
Namespace(R=5, aggre='lstm', batch_size=9838, data_cpu=False, dataset='ogbn-mag', dropout=0.5, eval_batch_size=100000, eval_every=5, fan_out='10', gpu=0, inductive=False, log_every=5, lr=0.003, num_epochs=30, num_hidden=16, num_layers=1, num_workers=4, seed=1236, selection_method='random', weight_decay=0)
load ogbn-mag
-------------------------------------------------------------data = DglNodePropPredDataset(name=name)***************************

 step Time(s): 0.4779
finish loading ogbn-mag
target_type_id  3
counts tensor([1134649,   59965,    8740,  736389])
len(paper label)
736389
{'train': {'paper': tensor([     0,      1,      2,  ..., 736386, 736387, 736388])}, 'valid': {'paper': tensor([   332,    756,    784,  ..., 736364, 736367, 736370])}, 'test': {'paper': tensor([   359,    411,    608,  ..., 736358, 736384, 736385])}}
# total Nodes: 1939743
# total Edges: 42222014
# paper graph Labels: 736389
# paper graph Train: 629571
# paper graph Val: 64879
# paper graph Test: 41939
# paper graph Classes: 349
Compute neighbor-averaged feats
in_feats
128
feats
6
torch.Size([736389, 128])
train_nfeat
tensor([[-0.0954,  0.0408, -0.2109,  ...,  0.0616, -0.0277, -0.1338],
        [-0.1510, -0.1073, -0.2220,  ...,  0.3458, -0.0277, -0.2185],
        [-0.1148, -0.1760, -0.2606,  ...,  0.1731, -0.1564, -0.2780],
        ...,
        [ 0.0228, -0.0865,  0.0981,  ..., -0.0547, -0.2077, -0.2305],
        [-0.2891, -0.2029, -0.1525,  ...,  0.1042,  0.2041, -0.3528],
        [-0.0890, -0.0348, -0.2642,  ...,  0.2601, -0.0875, -0.5171]])
torch.Size([736389, 128])
labels
tensor([246, 131, 189,  ..., 266, 289,   1])
736389
g.ndata
tensor([1203354, 1203355, 1203356,  ..., 1939740, 1939741, 1939742])
{'_ID': tensor([1203354, 1203355, 1203356,  ..., 1939740, 1939741, 1939742]), '_TYPE': tensor([3, 3, 3,  ..., 3, 3, 3]), 'target_mask': tensor([True, True, True,  ..., True, True, True])}
--------------------------------------------------------------------------------start epoch  1
train nodes number of this epoch  4484976
------------------------------------------------------------------time -------------------------------train  7.49760890007019
--------------------------------------------------------------------------------start epoch  2
train nodes number of this epoch  4485586
------------------------------------------------------------------time -------------------------------train  6.190402984619141
--------------------------------------------------------------------------------start epoch  3
train nodes number of this epoch  4486245
------------------------------------------------------------------time -------------------------------train  6.202824592590332
--------------------------------------------------------------------------------start epoch  4
train nodes number of this epoch  4487595
------------------------------------------------------------------time -------------------------------train  5.600850820541382
--------------------------------------------------------------------------------start epoch  5
train nodes number of this epoch  4486298
------------------------------------------------------------------time -------------------------------train  6.481887102127075
--------------------------------------------------------------------------------start epoch  6
train nodes number of this epoch  4486596
------------------------------------------------------------------time -------------------------------train  6.505642652511597
--------------------------------------------------------------------------------start epoch  7
train nodes number of this epoch  4484683
------------------------------------------------------------------time -------------------------------train  6.178209066390991
--------------------------------------------------------------------------------start epoch  8
train nodes number of this epoch  4486696
------------------------------------------------------------------time -------------------------------train  6.245458126068115
--------------------------------------------------------------------------------start epoch  9
train nodes number of this epoch  4484352
------------------------------------------------------------------time -------------------------------train  6.608503341674805
--------------------------------------------------------------------------------start epoch  10
train nodes number of this epoch  4485599
------------------------------------------------------------------time -------------------------------train  5.946241617202759
--------------------------------------------------------------------------------start epoch  11
train nodes number of this epoch  4485555
------------------------------------------------------------------time -------------------------------train  5.961055278778076
--------------------------------------------------------------------------------start epoch  12
train nodes number of this epoch  4485912
------------------------------------------------------------------time -------------------------------train  6.835402488708496
--------------------------------------------------------------------------------start epoch  13
train nodes number of this epoch  4485074
------------------------------------------------------------------time -------------------------------train  6.643822908401489
--------------------------------------------------------------------------------start epoch  14
train nodes number of this epoch  4485358
------------------------------------------------------------------time -------------------------------train  5.707531213760376
--------------------------------------------------------------------------------start epoch  15
train nodes number of this epoch  4485928
------------------------------------------------------------------time -------------------------------train  5.73832368850708
--------------------------------------------------------------------------------start epoch  16
train nodes number of this epoch  4485703
------------------------------------------------------------------time -------------------------------train  6.109069585800171
--------------------------------------------------------------------------------start epoch  17
train nodes number of this epoch  4485693
------------------------------------------------------------------time -------------------------------train  5.517931222915649
--------------------------------------------------------------------------------start epoch  18
train nodes number of this epoch  4486304
------------------------------------------------------------------time -------------------------------train  6.48466944694519
--------------------------------------------------------------------------------start epoch  19
train nodes number of this epoch  4486058
------------------------------------------------------------------time -------------------------------train  6.409823179244995
--------------------------------------------------------------------------------start epoch  20
train nodes number of this epoch  4485715
------------------------------------------------------------------time -------------------------------train  5.5302348136901855
--------------------------------------------------------------------------------start epoch  21
train nodes number of this epoch  4485871
------------------------------------------------------------------time -------------------------------train  6.627557039260864
--------------------------------------------------------------------------------start epoch  22
train nodes number of this epoch  4485986
------------------------------------------------------------------time -------------------------------train  6.55939793586731
--------------------------------------------------------------------------------start epoch  23
train nodes number of this epoch  4485977
------------------------------------------------------------------time -------------------------------train  6.3961029052734375
--------------------------------------------------------------------------------start epoch  24
train nodes number of this epoch  4485783
------------------------------------------------------------------time -------------------------------train  5.912465572357178
--------------------------------------------------------------------------------start epoch  25
train nodes number of this epoch  4485370
------------------------------------------------------------------time -------------------------------train  5.4127442836761475
--------------------------------------------------------------------------------start epoch  26
train nodes number of this epoch  4486753
------------------------------------------------------------------time -------------------------------train  6.668179512023926
--------------------------------------------------------------------------------start epoch  27
train nodes number of this epoch  4486012
------------------------------------------------------------------time -------------------------------train  6.232391119003296
--------------------------------------------------------------------------------start epoch  28
train nodes number of this epoch  4485020
------------------------------------------------------------------time -------------------------------train  5.843442678451538
--------------------------------------------------------------------------------start epoch  29
train nodes number of this epoch  4486631
------------------------------------------------------------------time -------------------------------train  6.309571266174316
--------------------------------------------------------------------------------start epoch  30
train nodes number of this epoch  4485551
------------------------------------------------------------------time -------------------------------train  6.521628141403198
	total avg iteration(step) data from cpu to GPU time:1.61892454 s
	total avg iteration GPU training time:3.15004741 s
	total avg iteration (step) total CPU time:4.78239078 s
	total avg epoch total CPU time including train loader :6.18512381 s
	avg epoch nodes input :4485829.33333333 s
--------------------------------------------------------------------------------end training
time for training epoches
num of epoches  30
avg epoches training time  6.186788591845282
