main start at this time 1634543110.6408463
Namespace(R=5, aggre='lstm', batch_size=78697, data_cpu=False, dataset='ogbn-mag', dropout=0.5, eval_batch_size=100000, eval_every=5, fan_out='10', gpu=0, inductive=False, log_every=5, lr=0.003, num_epochs=6, num_hidden=16, num_layers=1, num_workers=4, seed=1236, selection_method='random', weight_decay=0)
load ogbn-mag
-------------------------------------------------------------data = DglNodePropPredDataset(name=name)***************************

 step Time(s): 0.4737
finish loading ogbn-mag
target_type_id  3
counts tensor([1134649,   59965,    8740,  736389])
len(paper label)
736389
{'train': {'paper': tensor([     0,      1,      2,  ..., 736386, 736387, 736388])}, 'valid': {'paper': tensor([   332,    756,    784,  ..., 736364, 736367, 736370])}, 'test': {'paper': tensor([   359,    411,    608,  ..., 736358, 736384, 736385])}}
# total Nodes: 1939743
# total Edges: 42222014
# paper graph Labels: 736389
# paper graph Train: 629571
# paper graph Val: 64879
# paper graph Test: 41939
# paper graph Classes: 349
Compute neighbor-averaged feats
in_feats
128
feats
6
torch.Size([736389, 128])
train_nfeat
tensor([[-0.0954,  0.0408, -0.2109,  ...,  0.0616, -0.0277, -0.1338],
        [-0.1510, -0.1073, -0.2220,  ...,  0.3458, -0.0277, -0.2185],
        [-0.1148, -0.1760, -0.2606,  ...,  0.1731, -0.1564, -0.2780],
        ...,
        [ 0.0228, -0.0865,  0.0981,  ..., -0.0547, -0.2077, -0.2305],
        [-0.2891, -0.2029, -0.1525,  ...,  0.1042,  0.2041, -0.3528],
        [-0.0890, -0.0348, -0.2642,  ...,  0.2601, -0.0875, -0.5171]])
torch.Size([736389, 128])
labels
tensor([246, 131, 189,  ..., 266, 289,   1])
736389
g.ndata
tensor([1203354, 1203355, 1203356,  ..., 1939740, 1939741, 1939742])
{'_ID': tensor([1203354, 1203355, 1203356,  ..., 1939740, 1939741, 1939742]), '_TYPE': tensor([3, 3, 3,  ..., 3, 3, 3]), 'target_mask': tensor([True, True, True,  ..., True, True, True])}
--------------------------------------------------------------------------------start epoch  1
------------------------------------------------------------------time -------------------------------train - 4.343733072280884
--------------------------------------------------------------------------------start epoch  2
------------------------------------------------------------------time -------------------------------train - 3.535231828689575
--------------------------------------------------------------------------------start epoch  3
------------------------------------------------------------------time -------------------------------train - 3.6677942276000977
--------------------------------------------------------------------------------start epoch  4
------------------------------------------------------------------time -------------------------------train - 3.460024356842041
--------------------------------------------------------------------------------start epoch  5
------------------------------------------------------------------time -------------------------------train - 3.382598876953125
--------------------------------------------------------------------------------start epoch  6
------------------------------------------------------------------time -------------------------------train - 3.5947303771972656
	total avg iteration(step) data from cpu to GPU time:0.78868981 s
	total avg iteration GPU training time:0.97365255 s
	total avg iteration (step) total CPU time:1.76412570 s
	total avg epoch total CPU time including train loader :-3.52610493 s
--------------------------------------------------------------------------------end training
time for training epoches
num of epoches  6
avg epoches training time  3.531026744842529
