main start at this time 1634526343.074372
load ogbn-mag
-------------------------------------------------------------data = DglNodePropPredDataset(name=name)***************************

 step Time(s): 0.4745
finish loading ogbn-mag
target_type_id  3
counts tensor([1134649,   59965,    8740,  736389])
len(paper label)
736389
{'train': {'paper': tensor([     0,      1,      2,  ..., 736386, 736387, 736388])}, 'valid': {'paper': tensor([   332,    756,    784,  ..., 736364, 736367, 736370])}, 'test': {'paper': tensor([   359,    411,    608,  ..., 736358, 736384, 736385])}}
# total Nodes: 1939743
# total Edges: 42222014
# paper graph Labels: 736389
# paper graph Train: 629571
# paper graph Val: 64879
# paper graph Test: 41939
# paper graph Classes: 349
Compute neighbor-averaged feats
<class 'dgl.heterograph.DGLHeteroGraph'>
g.ndata[feat]
<class 'torch.Tensor'>
tensor([[-0.2104, -0.1061, -0.1363,  ...,  0.0821,  0.0956, -0.2805],
        [-0.1601, -0.1496, -0.2785,  ...,  0.2080, -0.1085, -0.2730],
        [-0.1857, -0.1352, -0.2227,  ...,  0.2084,  0.0026, -0.2758],
        ...,
        [ 0.0228, -0.0865,  0.0981,  ..., -0.0547, -0.2077, -0.2305],
        [-0.2891, -0.2029, -0.1525,  ...,  0.1042,  0.2041, -0.3528],
        [-0.0890, -0.0348, -0.2642,  ...,  0.2601, -0.0875, -0.5171]])
total graph length of feats
6
******************************************************************************************
sub_graph.ndata["label"]
tensor([246, 131, 189,  ..., 266, 289,   1])
736389
Epoch 0
Epoch 1
Epoch 2
Epoch 3
Epoch 4
Epoch 5
------------------------------------------------------------------------------------------ Epoch 0
		data from CPU to GPU time:1.13371381 s
		avg iteration GPU training time:1.43557492 s
		current epoch total CPU time without optimizer step:2.57941294 s
------------------------------------------------------------------------------------------ Epoch 1
		data from CPU to GPU time:0.92624820 s
		avg iteration GPU training time:0.98806903 s
		current epoch total CPU time without optimizer step:1.93151116 s
------------------------------------------------------------------------------------------ Epoch 2
		data from CPU to GPU time:0.90961501 s
		avg iteration GPU training time:0.98881050 s
		current epoch total CPU time without optimizer step:1.91429377 s
------------------------------------------------------------------------------------------ Epoch 3
		data from CPU to GPU time:0.92411359 s
		avg iteration GPU training time:0.98757475 s
		current epoch total CPU time without optimizer step:1.92773414 s
------------------------------------------------------------------------------------------ Epoch 4
		data from CPU to GPU time:0.94435663 s
		avg iteration GPU training time:0.99305766 s
		current epoch total CPU time without optimizer step:1.95328212 s
------------------------------------------------------------------------------------------ Epoch 5
		data from CPU to GPU time:0.97157324 s
		avg iteration GPU training time:0.99770302 s
		current epoch total CPU time without optimizer step:1.98917150 s

--------------------total avg epoch training  total cpu time:2.15263975 s
	total avg iteration(step) data from cpu to GPU time:0.93741462 s
	total avg iteration GPU training time:0.99178648 s
	total avg iteration (step) total cpu time:1.94612038 s
