main start at this time 1634586833.2898123
load ogbn-mag
-------------------------------------------------------------data = DglNodePropPredDataset(name=name)***************************

 step Time(s): 0.4745
finish loading ogbn-mag
target_type_id  3
counts tensor([1134649,   59965,    8740,  736389])
len(paper label)
736389
{'train': {'paper': tensor([     0,      1,      2,  ..., 736386, 736387, 736388])}, 'valid': {'paper': tensor([   332,    756,    784,  ..., 736364, 736367, 736370])}, 'test': {'paper': tensor([   359,    411,    608,  ..., 736358, 736384, 736385])}}
# total Nodes: 1939743
# total Edges: 42222014
# paper graph Labels: 736389
# paper graph Train: 629571
# paper graph Val: 64879
# paper graph Test: 41939
# paper graph Classes: 349
Compute neighbor-averaged feats
<class 'dgl.heterograph.DGLHeteroGraph'>
g.ndata[feat]
<class 'torch.Tensor'>
tensor([[-0.2104, -0.1061, -0.1363,  ...,  0.0821,  0.0956, -0.2805],
        [-0.1601, -0.1496, -0.2785,  ...,  0.2080, -0.1085, -0.2730],
        [-0.1857, -0.1352, -0.2227,  ...,  0.2084,  0.0026, -0.2758],
        ...,
        [ 0.0228, -0.0865,  0.0981,  ..., -0.0547, -0.2077, -0.2305],
        [-0.2891, -0.2029, -0.1525,  ...,  0.1042,  0.2041, -0.3528],
        [-0.0890, -0.0348, -0.2642,  ...,  0.2601, -0.0875, -0.5171]])
total graph length of feats
6
******************************************************************************************
sub_graph.ndata["label"]
tensor([246, 131, 189,  ..., 266, 289,   1])
736389
Epoch 0

----main run function: block dataloader generation total spend   16.86665987968445

current Epoch training on CPU without block data loder Time(s): 5.1325
		data from CPU to GPU time:1.53237571 s
		avg iteration GPU training time:2.69475240 s
		current epoch total CPU time without optimizer step:4.39968181 s
Epoch 1

----main run function: block dataloader generation total spend   16.871787548065186

current Epoch training on CPU without block data loder Time(s): 4.2730
		data from CPU to GPU time:1.12806844 s
		avg iteration GPU training time:2.29033382 s
		current epoch total CPU time without optimizer step:3.58335924 s
Epoch 2

----main run function: block dataloader generation total spend   17.054004192352295

current Epoch training on CPU without block data loder Time(s): 4.1476
		data from CPU to GPU time:1.12695194 s
		avg iteration GPU training time:2.25092898 s
		current epoch total CPU time without optimizer step:3.50408363 s
Epoch 3

----main run function: block dataloader generation total spend   17.0302152633667

current Epoch training on CPU without block data loder Time(s): 4.1796
		data from CPU to GPU time:1.12122198 s
		avg iteration GPU training time:2.27437526 s
		current epoch total CPU time without optimizer step:3.52670264 s
Epoch 4

----main run function: block dataloader generation total spend   17.963144063949585

current Epoch training on CPU without block data loder Time(s): 4.2655
		data from CPU to GPU time:1.13425955 s
		avg iteration GPU training time:2.26962691 s
		current epoch total CPU time without optimizer step:3.53914237 s
Epoch 5

----main run function: block dataloader generation total spend   16.948047876358032

current Epoch training on CPU without block data loder Time(s): 4.2403
		data from CPU to GPU time:1.11717525 s
		avg iteration GPU training time:2.27565357 s
		current epoch total CPU time without optimizer step:3.52650905 s
Epoch 6

----main run function: block dataloader generation total spend   17.05121946334839

current Epoch training on CPU without block data loder Time(s): 4.0856
		data from CPU to GPU time:1.02916819 s
		avg iteration GPU training time:2.25786777 s
		current epoch total CPU time without optimizer step:3.41627169 s
Epoch 7

----main run function: block dataloader generation total spend   16.949937343597412

current Epoch training on CPU without block data loder Time(s): 4.1276
		data from CPU to GPU time:1.07805285 s
		avg iteration GPU training time:2.25129071 s
		current epoch total CPU time without optimizer step:3.46591902 s
Epoch 8

----main run function: block dataloader generation total spend   17.18291425704956

current Epoch training on CPU without block data loder Time(s): 4.0950
		data from CPU to GPU time:1.06211910 s
		avg iteration GPU training time:2.22730355 s
		current epoch total CPU time without optimizer step:3.42557979 s
Epoch 9

----main run function: block dataloader generation total spend   17.12491750717163

current Epoch training on CPU without block data loder Time(s): 4.1437
		data from CPU to GPU time:1.08996771 s
		avg iteration GPU training time:2.23703182 s
		current epoch total CPU time without optimizer step:3.46402240 s
Epoch 10

----main run function: block dataloader generation total spend   17.054240465164185

current Epoch training on CPU without block data loder Time(s): 4.4294
		data from CPU to GPU time:1.22249452 s
		avg iteration GPU training time:2.36534470 s
		current epoch total CPU time without optimizer step:3.74726224 s
Epoch 11

----main run function: block dataloader generation total spend   17.01084613800049

current Epoch training on CPU without block data loder Time(s): 4.2499
		data from CPU to GPU time:1.13192879 s
		avg iteration GPU training time:2.30114445 s
		current epoch total CPU time without optimizer step:3.57684684 s
Epoch 12

----main run function: block dataloader generation total spend   17.153791666030884

current Epoch training on CPU without block data loder Time(s): 4.1235
		data from CPU to GPU time:1.07263690 s
		avg iteration GPU training time:2.24476778 s
		current epoch total CPU time without optimizer step:3.45964622 s
Epoch 13

----main run function: block dataloader generation total spend   17.29642653465271

current Epoch training on CPU without block data loder Time(s): 4.0953
		data from CPU to GPU time:1.04962195 s
		avg iteration GPU training time:2.23997915 s
		current epoch total CPU time without optimizer step:3.43179297 s
Epoch 14

----main run function: block dataloader generation total spend   17.095650911331177

current Epoch training on CPU without block data loder Time(s): 4.0340
		data from CPU to GPU time:1.03295178 s
		avg iteration GPU training time:2.23573611 s
		current epoch total CPU time without optimizer step:3.41129017 s
Epoch 15

----main run function: block dataloader generation total spend   17.15163516998291

current Epoch training on CPU without block data loder Time(s): 4.1135
		data from CPU to GPU time:1.07903670 s
		avg iteration GPU training time:2.23957094 s
		current epoch total CPU time without optimizer step:3.46397781 s
Epoch 16

----main run function: block dataloader generation total spend   17.03770685195923

current Epoch training on CPU without block data loder Time(s): 4.1274
		data from CPU to GPU time:1.07515205 s
		avg iteration GPU training time:2.25500368 s
		current epoch total CPU time without optimizer step:3.47923160 s
Epoch 17

----main run function: block dataloader generation total spend   17.077608823776245

current Epoch training on CPU without block data loder Time(s): 4.1423
		data from CPU to GPU time:1.07467231 s
		avg iteration GPU training time:2.23557746 s
		current epoch total CPU time without optimizer step:3.45865440 s
Epoch 18

----main run function: block dataloader generation total spend   17.01786208152771

current Epoch training on CPU without block data loder Time(s): 4.1834
		data from CPU to GPU time:1.07774384 s
		avg iteration GPU training time:2.27679738 s
		current epoch total CPU time without optimizer step:3.51040506 s
Epoch 19

----main run function: block dataloader generation total spend   17.096640586853027

current Epoch training on CPU without block data loder Time(s): 4.2163
		data from CPU to GPU time:1.09959878 s
		avg iteration GPU training time:2.25524813 s
		current epoch total CPU time without optimizer step:3.50735092 s
Epoch 20

----main run function: block dataloader generation total spend   17.178863048553467

current Epoch training on CPU without block data loder Time(s): 4.2131
		data from CPU to GPU time:1.11876704 s
		avg iteration GPU training time:2.25032166 s
		current epoch total CPU time without optimizer step:3.52192068 s
Epoch 21

----main run function: block dataloader generation total spend   17.36763072013855

current Epoch training on CPU without block data loder Time(s): 4.3429
		data from CPU to GPU time:1.19602192 s
		avg iteration GPU training time:2.27150304 s
		current epoch total CPU time without optimizer step:3.62959838 s
Epoch 22

----main run function: block dataloader generation total spend   17.054036140441895

current Epoch training on CPU without block data loder Time(s): 4.3178
		data from CPU to GPU time:1.15859603 s
		avg iteration GPU training time:2.25983024 s
		current epoch total CPU time without optimizer step:3.57725239 s
Epoch 23

----main run function: block dataloader generation total spend   17.112104415893555

current Epoch training on CPU without block data loder Time(s): 4.2622
		data from CPU to GPU time:1.11231564 s
		avg iteration GPU training time:2.29817892 s
		current epoch total CPU time without optimizer step:3.57180262 s
Epoch 24

----main run function: block dataloader generation total spend   17.200889825820923

current Epoch training on CPU without block data loder Time(s): 4.1962
		data from CPU to GPU time:1.08806813 s
		avg iteration GPU training time:2.28274312 s
		current epoch total CPU time without optimizer step:3.53371668 s
Epoch 25

----main run function: block dataloader generation total spend   17.095187664031982

current Epoch training on CPU without block data loder Time(s): 4.1905
		data from CPU to GPU time:1.10541197 s
		avg iteration GPU training time:2.24975706 s
		current epoch total CPU time without optimizer step:3.51424241 s
Epoch 26

----main run function: block dataloader generation total spend   17.169643878936768

current Epoch training on CPU without block data loder Time(s): 4.1996
		data from CPU to GPU time:1.10402221 s
		avg iteration GPU training time:2.24772370 s
		current epoch total CPU time without optimizer step:3.50783491 s
Epoch 27

----main run function: block dataloader generation total spend   17.232441663742065

current Epoch training on CPU without block data loder Time(s): 4.2326
		data from CPU to GPU time:1.11563936 s
		avg iteration GPU training time:2.25577265 s
		current epoch total CPU time without optimizer step:3.53394055 s
Epoch 28

----main run function: block dataloader generation total spend   18.097640991210938

current Epoch training on CPU without block data loder Time(s): 4.1497
		data from CPU to GPU time:1.07347014 s
		avg iteration GPU training time:2.23231120 s
		current epoch total CPU time without optimizer step:3.46644855 s
Epoch 29

----main run function: block dataloader generation total spend   17.105513095855713

current Epoch training on CPU without block data loder Time(s): 4.1664
		data from CPU to GPU time:1.07440007 s
		avg iteration GPU training time:2.25178172 s
		current epoch total CPU time without optimizer step:3.48879480 s

--------------------total avg epoch training  total cpu time:4.18824768 s
	total avg iteration(step) data from cpu to GPU time:1.10076667 s
	total avg iteration GPU training time:2.26047042 s
	total avg iteration (step) total cpu time:3.50929431 s
	avg epoch nodes src :4174675.76666667 s
