main start at this time 1634585322.8643477
load ogbn-mag
-------------------------------------------------------------data = DglNodePropPredDataset(name=name)***************************

 step Time(s): 0.4820
finish loading ogbn-mag
target_type_id  3
counts tensor([1134649,   59965,    8740,  736389])
len(paper label)
736389
{'train': {'paper': tensor([     0,      1,      2,  ..., 736386, 736387, 736388])}, 'valid': {'paper': tensor([   332,    756,    784,  ..., 736364, 736367, 736370])}, 'test': {'paper': tensor([   359,    411,    608,  ..., 736358, 736384, 736385])}}
# total Nodes: 1939743
# total Edges: 42222014
# paper graph Labels: 736389
# paper graph Train: 629571
# paper graph Val: 64879
# paper graph Test: 41939
# paper graph Classes: 349
Compute neighbor-averaged feats
<class 'dgl.heterograph.DGLHeteroGraph'>
g.ndata[feat]
<class 'torch.Tensor'>
tensor([[-0.2104, -0.1061, -0.1363,  ...,  0.0821,  0.0956, -0.2805],
        [-0.1601, -0.1496, -0.2785,  ...,  0.2080, -0.1085, -0.2730],
        [-0.1857, -0.1352, -0.2227,  ...,  0.2084,  0.0026, -0.2758],
        ...,
        [ 0.0228, -0.0865,  0.0981,  ..., -0.0547, -0.2077, -0.2305],
        [-0.2891, -0.2029, -0.1525,  ...,  0.1042,  0.2041, -0.3528],
        [-0.0890, -0.0348, -0.2642,  ...,  0.2601, -0.0875, -0.5171]])
total graph length of feats
6
******************************************************************************************
sub_graph.ndata["label"]
tensor([246, 131, 189,  ..., 266, 289,   1])
736389
Epoch 0

----main run function: block dataloader generation total spend   12.028534889221191

current Epoch training on CPU without block data loder Time(s): 3.8771
		data from CPU to GPU time:1.43458234 s
		avg iteration GPU training time:1.89574856 s
		current epoch total CPU time without optimizer step:3.47044468 s
Epoch 1

----main run function: block dataloader generation total spend   11.952335119247437

current Epoch training on CPU without block data loder Time(s): 3.1699
		data from CPU to GPU time:1.15053213 s
		avg iteration GPU training time:1.44917073 s
		current epoch total CPU time without optimizer step:2.74881697 s
Epoch 2

----main run function: block dataloader generation total spend   11.983677387237549

current Epoch training on CPU without block data loder Time(s): 3.1861
		data from CPU to GPU time:1.18053172 s
		avg iteration GPU training time:1.47666499 s
		current epoch total CPU time without optimizer step:2.78044724 s
Epoch 3

----main run function: block dataloader generation total spend   12.42932915687561

current Epoch training on CPU without block data loder Time(s): 3.1365
		data from CPU to GPU time:1.16593633 s
		avg iteration GPU training time:1.45480416 s
		current epoch total CPU time without optimizer step:2.73781252 s
Epoch 4

----main run function: block dataloader generation total spend   12.241500854492188

current Epoch training on CPU without block data loder Time(s): 3.1126
		data from CPU to GPU time:1.11922472 s
		avg iteration GPU training time:1.45049399 s
		current epoch total CPU time without optimizer step:2.67758060 s
Epoch 5

----main run function: block dataloader generation total spend   12.08322787284851

current Epoch training on CPU without block data loder Time(s): 3.1177
		data from CPU to GPU time:1.13776480 s
		avg iteration GPU training time:1.44630547 s
		current epoch total CPU time without optimizer step:2.69728804 s
Epoch 6

----main run function: block dataloader generation total spend   12.05803918838501

current Epoch training on CPU without block data loder Time(s): 3.1619
		data from CPU to GPU time:1.13100294 s
		avg iteration GPU training time:1.46870518 s
		current epoch total CPU time without optimizer step:2.71405578 s
Epoch 7

----main run function: block dataloader generation total spend   12.14905333518982

current Epoch training on CPU without block data loder Time(s): 3.1242
		data from CPU to GPU time:1.17079875 s
		avg iteration GPU training time:1.44878297 s
		current epoch total CPU time without optimizer step:2.73279715 s
Epoch 8

----main run function: block dataloader generation total spend   12.223649501800537

current Epoch training on CPU without block data loder Time(s): 3.1478
		data from CPU to GPU time:1.17350955 s
		avg iteration GPU training time:1.46405623 s
		current epoch total CPU time without optimizer step:2.75065875 s
Epoch 9

----main run function: block dataloader generation total spend   12.238703727722168

current Epoch training on CPU without block data loder Time(s): 3.1173
		data from CPU to GPU time:1.13565900 s
		avg iteration GPU training time:1.44868863 s
		current epoch total CPU time without optimizer step:2.69865155 s
Epoch 10

----main run function: block dataloader generation total spend   12.199021816253662

current Epoch training on CPU without block data loder Time(s): 3.1516
		data from CPU to GPU time:1.16147908 s
		avg iteration GPU training time:1.46257733 s
		current epoch total CPU time without optimizer step:2.74302077 s
Epoch 11

----main run function: block dataloader generation total spend   12.128539085388184

current Epoch training on CPU without block data loder Time(s): 3.1384
		data from CPU to GPU time:1.15019990 s
		avg iteration GPU training time:1.45796479 s
		current epoch total CPU time without optimizer step:2.72361708 s
Epoch 12

----main run function: block dataloader generation total spend   12.187648057937622

current Epoch training on CPU without block data loder Time(s): 3.0848
		data from CPU to GPU time:1.12584160 s
		avg iteration GPU training time:1.43643475 s
		current epoch total CPU time without optimizer step:2.67238951 s
Epoch 13

----main run function: block dataloader generation total spend   12.546943187713623

current Epoch training on CPU without block data loder Time(s): 3.4276
		data from CPU to GPU time:1.20358597 s
		avg iteration GPU training time:1.59679094 s
		current epoch total CPU time without optimizer step:2.94165754 s
Epoch 14

----main run function: block dataloader generation total spend   12.504143238067627

current Epoch training on CPU without block data loder Time(s): 3.3836
		data from CPU to GPU time:1.18461834 s
		avg iteration GPU training time:1.58073898 s
		current epoch total CPU time without optimizer step:2.90625525 s
Epoch 15

----main run function: block dataloader generation total spend   12.478242874145508

current Epoch training on CPU without block data loder Time(s): 3.5713
		data from CPU to GPU time:1.21108604 s
		avg iteration GPU training time:1.74282256 s
		current epoch total CPU time without optimizer step:3.10686755 s
Epoch 16

----main run function: block dataloader generation total spend   12.131340980529785

current Epoch training on CPU without block data loder Time(s): 3.4660
		data from CPU to GPU time:1.19185555 s
		avg iteration GPU training time:1.64170024 s
		current epoch total CPU time without optimizer step:2.96166182 s
Epoch 17

----main run function: block dataloader generation total spend   12.130568265914917

current Epoch training on CPU without block data loder Time(s): 3.5299
		data from CPU to GPU time:1.16772939 s
		avg iteration GPU training time:1.69773675 s
		current epoch total CPU time without optimizer step:3.00555253 s
Epoch 18

----main run function: block dataloader generation total spend   12.19321584701538

current Epoch training on CPU without block data loder Time(s): 3.3720
		data from CPU to GPU time:1.13808384 s
		avg iteration GPU training time:1.62752677 s
		current epoch total CPU time without optimizer step:2.89221334 s
Epoch 19

----main run function: block dataloader generation total spend   12.103505849838257

current Epoch training on CPU without block data loder Time(s): 3.3298
		data from CPU to GPU time:1.12907872 s
		avg iteration GPU training time:1.57081289 s
		current epoch total CPU time without optimizer step:2.82681417 s
Epoch 20

----main run function: block dataloader generation total spend   12.001204490661621

current Epoch training on CPU without block data loder Time(s): 3.3946
		data from CPU to GPU time:1.11315407 s
		avg iteration GPU training time:1.65689569 s
		current epoch total CPU time without optimizer step:2.90611172 s
Epoch 21

----main run function: block dataloader generation total spend   12.16122841835022

current Epoch training on CPU without block data loder Time(s): 3.4605
		data from CPU to GPU time:1.13609248 s
		avg iteration GPU training time:1.70554276 s
		current epoch total CPU time without optimizer step:2.96954727 s
Epoch 22

----main run function: block dataloader generation total spend   12.068966150283813

current Epoch training on CPU without block data loder Time(s): 3.6011
		data from CPU to GPU time:1.22339142 s
		avg iteration GPU training time:1.71545875 s
		current epoch total CPU time without optimizer step:3.08346415 s
Epoch 23

----main run function: block dataloader generation total spend   12.072495698928833

current Epoch training on CPU without block data loder Time(s): 3.4752
		data from CPU to GPU time:1.15459035 s
		avg iteration GPU training time:1.64361478 s
		current epoch total CPU time without optimizer step:2.94340515 s
Epoch 24

----main run function: block dataloader generation total spend   12.540081977844238

current Epoch training on CPU without block data loder Time(s): 3.4980
		data from CPU to GPU time:1.17687497 s
		avg iteration GPU training time:1.67239259 s
		current epoch total CPU time without optimizer step:2.98597693 s
Epoch 25

----main run function: block dataloader generation total spend   12.190555572509766

current Epoch training on CPU without block data loder Time(s): 3.6587
		data from CPU to GPU time:1.22416419 s
		avg iteration GPU training time:1.72537923 s
		current epoch total CPU time without optimizer step:3.10624099 s
Epoch 26

----main run function: block dataloader generation total spend   12.046441555023193

current Epoch training on CPU without block data loder Time(s): 3.3045
		data from CPU to GPU time:1.13610472 s
		avg iteration GPU training time:1.58726535 s
		current epoch total CPU time without optimizer step:2.85270619 s
Epoch 27

----main run function: block dataloader generation total spend   12.025851726531982

current Epoch training on CPU without block data loder Time(s): 3.5251
		data from CPU to GPU time:1.22178274 s
		avg iteration GPU training time:1.68265978 s
		current epoch total CPU time without optimizer step:3.05896926 s
Epoch 28

----main run function: block dataloader generation total spend   12.20983076095581

current Epoch training on CPU without block data loder Time(s): 3.6573
		data from CPU to GPU time:1.20860051 s
		avg iteration GPU training time:1.80277284 s
		current epoch total CPU time without optimizer step:3.15928984 s
Epoch 29

----main run function: block dataloader generation total spend   12.100497007369995

current Epoch training on CPU without block data loder Time(s): 3.3661
		data from CPU to GPU time:1.17380529 s
		avg iteration GPU training time:1.58721246 s
		current epoch total CPU time without optimizer step:2.89538956 s

--------------------total avg epoch training  total cpu time:3.33929067 s
	total avg iteration(step) data from cpu to GPU time:1.16594811 s
	total avg iteration GPU training time:1.58045721 s
	total avg iteration (step) total cpu time:2.87608722 s
	avg epoch nodes src :3684064.03333333 s
