main start at this time 1634588900.1615179
load ogbn-mag
-------------------------------------------------------------data = DglNodePropPredDataset(name=name)***************************

 step Time(s): 0.4787
finish loading ogbn-mag
target_type_id  3
counts tensor([1134649,   59965,    8740,  736389])
len(paper label)
736389
{'train': {'paper': tensor([     0,      1,      2,  ..., 736386, 736387, 736388])}, 'valid': {'paper': tensor([   332,    756,    784,  ..., 736364, 736367, 736370])}, 'test': {'paper': tensor([   359,    411,    608,  ..., 736358, 736384, 736385])}}
# total Nodes: 1939743
# total Edges: 42222014
# paper graph Labels: 736389
# paper graph Train: 629571
# paper graph Val: 64879
# paper graph Test: 41939
# paper graph Classes: 349
Compute neighbor-averaged feats
<class 'dgl.heterograph.DGLHeteroGraph'>
g.ndata[feat]
<class 'torch.Tensor'>
tensor([[-0.2104, -0.1061, -0.1363,  ...,  0.0821,  0.0956, -0.2805],
        [-0.1601, -0.1496, -0.2785,  ...,  0.2080, -0.1085, -0.2730],
        [-0.1857, -0.1352, -0.2227,  ...,  0.2084,  0.0026, -0.2758],
        ...,
        [ 0.0228, -0.0865,  0.0981,  ..., -0.0547, -0.2077, -0.2305],
        [-0.2891, -0.2029, -0.1525,  ...,  0.1042,  0.2041, -0.3528],
        [-0.0890, -0.0348, -0.2642,  ...,  0.2601, -0.0875, -0.5171]])
total graph length of feats
6
******************************************************************************************
sub_graph.ndata["label"]
tensor([246, 131, 189,  ..., 266, 289,   1])
736389
Epoch 0

----main run function: block dataloader generation total spend   26.4957754611969

current Epoch training on CPU without block data loder Time(s): 8.5986
		data from CPU to GPU time:1.74031537 s
		avg iteration GPU training time:5.39274244 s
		current epoch total CPU time without optimizer step:7.34385753 s
Epoch 1

----main run function: block dataloader generation total spend   26.524591207504272

current Epoch training on CPU without block data loder Time(s): 7.4610
		data from CPU to GPU time:1.42339347 s
		avg iteration GPU training time:4.63445285 s
		current epoch total CPU time without optimizer step:6.24966288 s
Epoch 2

----main run function: block dataloader generation total spend   26.465736150741577

current Epoch training on CPU without block data loder Time(s): 7.9943
		data from CPU to GPU time:1.57827213 s
		avg iteration GPU training time:4.93288813 s
		current epoch total CPU time without optimizer step:6.71032739 s
Epoch 3

----main run function: block dataloader generation total spend   26.550856828689575

current Epoch training on CPU without block data loder Time(s): 6.9932
		data from CPU to GPU time:1.35637168 s
		avg iteration GPU training time:4.33720099 s
		current epoch total CPU time without optimizer step:5.84523606 s
Epoch 4

----main run function: block dataloader generation total spend   26.583750009536743

current Epoch training on CPU without block data loder Time(s): 7.8031
		data from CPU to GPU time:1.59793315 s
		avg iteration GPU training time:4.74073864 s
		current epoch total CPU time without optimizer step:6.53132629 s
Epoch 5

----main run function: block dataloader generation total spend   26.579219102859497

current Epoch training on CPU without block data loder Time(s): 7.8199
		data from CPU to GPU time:1.49205921 s
		avg iteration GPU training time:4.85617532 s
		current epoch total CPU time without optimizer step:6.53972960 s
Epoch 6

----main run function: block dataloader generation total spend   26.40662693977356

current Epoch training on CPU without block data loder Time(s): 7.9184
		data from CPU to GPU time:1.51016221 s
		avg iteration GPU training time:4.92683086 s
		current epoch total CPU time without optimizer step:6.64273405 s
Epoch 7

----main run function: block dataloader generation total spend   27.029783725738525

current Epoch training on CPU without block data loder Time(s): 7.4020
		data from CPU to GPU time:1.44337930 s
		avg iteration GPU training time:4.59423042 s
		current epoch total CPU time without optimizer step:6.22175932 s
Epoch 8

----main run function: block dataloader generation total spend   26.84869956970215

current Epoch training on CPU without block data loder Time(s): 7.5585
		data from CPU to GPU time:1.43154774 s
		avg iteration GPU training time:4.72718489 s
		current epoch total CPU time without optimizer step:6.34305596 s
Epoch 9

----main run function: block dataloader generation total spend   26.79910445213318

current Epoch training on CPU without block data loder Time(s): 7.7475
		data from CPU to GPU time:1.54638074 s
		avg iteration GPU training time:4.74138534 s
		current epoch total CPU time without optimizer step:6.48619795 s
Epoch 10

----main run function: block dataloader generation total spend   26.694069385528564

current Epoch training on CPU without block data loder Time(s): 7.5216
		data from CPU to GPU time:1.45941887 s
		avg iteration GPU training time:4.68482336 s
		current epoch total CPU time without optimizer step:6.32906055 s
Epoch 11

----main run function: block dataloader generation total spend   26.60963487625122

current Epoch training on CPU without block data loder Time(s): 7.4258
		data from CPU to GPU time:1.47277795 s
		avg iteration GPU training time:4.58149659 s
		current epoch total CPU time without optimizer step:6.24075603 s
Epoch 12

----main run function: block dataloader generation total spend   26.799747705459595

current Epoch training on CPU without block data loder Time(s): 7.8223
		data from CPU to GPU time:1.54435632 s
		avg iteration GPU training time:4.80083837 s
		current epoch total CPU time without optimizer step:6.54808283 s
Epoch 13

----main run function: block dataloader generation total spend   26.894255876541138

current Epoch training on CPU without block data loder Time(s): 8.1162
		data from CPU to GPU time:1.61894273 s
		avg iteration GPU training time:4.93800960 s
		current epoch total CPU time without optimizer step:6.77772570 s
Epoch 14

----main run function: block dataloader generation total spend   27.87196660041809

current Epoch training on CPU without block data loder Time(s): 6.6551
		data from CPU to GPU time:1.41270713 s
		avg iteration GPU training time:4.01474928 s
		current epoch total CPU time without optimizer step:5.58733416 s
Epoch 15

----main run function: block dataloader generation total spend   27.133708953857422

current Epoch training on CPU without block data loder Time(s): 6.5448
		data from CPU to GPU time:1.07512807 s
		avg iteration GPU training time:4.16721423 s
		current epoch total CPU time without optimizer step:5.42351699 s
Epoch 16

----main run function: block dataloader generation total spend   26.975078582763672

current Epoch training on CPU without block data loder Time(s): 7.1208
		data from CPU to GPU time:1.14268646 s
		avg iteration GPU training time:4.55243053 s
		current epoch total CPU time without optimizer step:5.88891387 s
Epoch 17

----main run function: block dataloader generation total spend   26.987005472183228

current Epoch training on CPU without block data loder Time(s): 7.1166
		data from CPU to GPU time:1.15775585 s
		avg iteration GPU training time:4.52111510 s
		current epoch total CPU time without optimizer step:5.87127948 s
Epoch 18

----main run function: block dataloader generation total spend   27.07106113433838

current Epoch training on CPU without block data loder Time(s): 7.0692
		data from CPU to GPU time:1.13104298 s
		avg iteration GPU training time:4.50313374 s
		current epoch total CPU time without optimizer step:5.81996369 s
Epoch 19

----main run function: block dataloader generation total spend   26.981693983078003

current Epoch training on CPU without block data loder Time(s): 6.8911
		data from CPU to GPU time:1.07737629 s
		avg iteration GPU training time:4.46183080 s
		current epoch total CPU time without optimizer step:5.71498775 s
Epoch 20

----main run function: block dataloader generation total spend   28.60530972480774

current Epoch training on CPU without block data loder Time(s): 7.9085
		data from CPU to GPU time:1.25254127 s
		avg iteration GPU training time:5.05031337 s
		current epoch total CPU time without optimizer step:6.52900982 s
Epoch 21

----main run function: block dataloader generation total spend   26.74781107902527

current Epoch training on CPU without block data loder Time(s): 7.6017
		data from CPU to GPU time:1.34298349 s
		avg iteration GPU training time:4.74978028 s
		current epoch total CPU time without optimizer step:6.29363322 s
Epoch 22

----main run function: block dataloader generation total spend   26.78619909286499

current Epoch training on CPU without block data loder Time(s): 7.1396
		data from CPU to GPU time:1.19290199 s
		avg iteration GPU training time:4.52142760 s
		current epoch total CPU time without optimizer step:5.90432644 s
Epoch 23

----main run function: block dataloader generation total spend   26.965981483459473

current Epoch training on CPU without block data loder Time(s): 6.9928
		data from CPU to GPU time:1.14349008 s
		avg iteration GPU training time:4.45698947 s
		current epoch total CPU time without optimizer step:5.78054738 s
Epoch 24

----main run function: block dataloader generation total spend   26.94215965270996

current Epoch training on CPU without block data loder Time(s): 7.0271
		data from CPU to GPU time:1.13370781 s
		avg iteration GPU training time:4.48688852 s
		current epoch total CPU time without optimizer step:5.80222011 s
Epoch 25

----main run function: block dataloader generation total spend   27.307904481887817

current Epoch training on CPU without block data loder Time(s): 6.9935
		data from CPU to GPU time:1.12035383 s
		avg iteration GPU training time:4.48938353 s
		current epoch total CPU time without optimizer step:5.79098058 s
Epoch 26

----main run function: block dataloader generation total spend   27.183088541030884

current Epoch training on CPU without block data loder Time(s): 7.0716
		data from CPU to GPU time:1.15358739 s
		avg iteration GPU training time:4.51048187 s
		current epoch total CPU time without optimizer step:5.85070634 s
Epoch 27

----main run function: block dataloader generation total spend   26.884955406188965

current Epoch training on CPU without block data loder Time(s): 6.9812
		data from CPU to GPU time:1.12151280 s
		avg iteration GPU training time:4.47424904 s
		current epoch total CPU time without optimizer step:5.77214122 s
Epoch 28

----main run function: block dataloader generation total spend   27.157088041305542

current Epoch training on CPU without block data loder Time(s): 6.9836
		data from CPU to GPU time:1.11009606 s
		avg iteration GPU training time:4.47439464 s
		current epoch total CPU time without optimizer step:5.77044487 s
Epoch 29

----main run function: block dataloader generation total spend   26.91918396949768

current Epoch training on CPU without block data loder Time(s): 7.0600
		data from CPU to GPU time:1.26475396 s
		avg iteration GPU training time:4.48892445 s
		current epoch total CPU time without optimizer step:5.92180157 s

--------------------total avg epoch training  total cpu time:7.33142614 s
	total avg iteration(step) data from cpu to GPU time:1.31729384 s
	total avg iteration GPU training time:4.59946818 s
	total avg iteration (step) total cpu time:6.10492140 s
	avg epoch nodes src :4485727.66666667 s
