main start at this time 1634600659.1622365
Namespace(R=5, aggre='lstm', batch_size=19675, data_cpu=False, dataset='ogbn-mag', dropout=0.5, eval_batch_size=100000, eval_every=5, fan_out='10', gpu=0, inductive=False, log_every=5, lr=0.003, num_epochs=30, num_hidden=16, num_layers=1, num_workers=4, seed=1236, selection_method='range', weight_decay=0)
load ogbn-mag
-------------------------------------------------------------data = DglNodePropPredDataset(name=name)***************************

 step Time(s): 0.4921
finish loading ogbn-mag
target_type_id  3
counts tensor([1134649,   59965,    8740,  736389])
len(paper label)
736389
{'train': {'paper': tensor([     0,      1,      2,  ..., 736386, 736387, 736388])}, 'valid': {'paper': tensor([   332,    756,    784,  ..., 736364, 736367, 736370])}, 'test': {'paper': tensor([   359,    411,    608,  ..., 736358, 736384, 736385])}}
# total Nodes: 1939743
# total Edges: 42222014
# paper graph Labels: 736389
# paper graph Train: 629571
# paper graph Val: 64879
# paper graph Test: 41939
# paper graph Classes: 349
Compute neighbor-averaged feats
in_feats
128
feats
6
torch.Size([736389, 128])
train_nfeat
tensor([[-0.0954,  0.0408, -0.2109,  ...,  0.0616, -0.0277, -0.1338],
        [-0.1510, -0.1073, -0.2220,  ...,  0.3458, -0.0277, -0.2185],
        [-0.1148, -0.1760, -0.2606,  ...,  0.1731, -0.1564, -0.2780],
        ...,
        [ 0.0228, -0.0865,  0.0981,  ..., -0.0547, -0.2077, -0.2305],
        [-0.2891, -0.2029, -0.1525,  ...,  0.1042,  0.2041, -0.3528],
        [-0.0890, -0.0348, -0.2642,  ...,  0.2601, -0.0875, -0.5171]])
torch.Size([736389, 128])
labels
tensor([246, 131, 189,  ..., 266, 289,   1])
736389
g.ndata
tensor([1203354, 1203355, 1203356,  ..., 1939740, 1939741, 1939742])
{'_ID': tensor([1203354, 1203355, 1203356,  ..., 1939740, 1939741, 1939742]), '_TYPE': tensor([3, 3, 3,  ..., 3, 3, 3]), 'target_mask': tensor([True, True, True,  ..., True, True, True])}
--------------------------------------------------------------------------------start epoch  1
train nodes number of this epoch  4173436
------------------------------------------------------------------time -------------------------------train  5.778921604156494
--------------------------------------------------------------------------------start epoch  2
train nodes number of this epoch  4174312
------------------------------------------------------------------time -------------------------------train  5.398218393325806
--------------------------------------------------------------------------------start epoch  3
train nodes number of this epoch  4175263
------------------------------------------------------------------time -------------------------------train  5.427183151245117
--------------------------------------------------------------------------------start epoch  4
train nodes number of this epoch  4175655
------------------------------------------------------------------time -------------------------------train  5.167023658752441
--------------------------------------------------------------------------------start epoch  5
train nodes number of this epoch  4175998
------------------------------------------------------------------time -------------------------------train  5.522005319595337
--------------------------------------------------------------------------------start epoch  6
train nodes number of this epoch  4175282
------------------------------------------------------------------time -------------------------------train  5.077062606811523
--------------------------------------------------------------------------------start epoch  7
train nodes number of this epoch  4172891
------------------------------------------------------------------time -------------------------------train  5.3789002895355225
--------------------------------------------------------------------------------start epoch  8
train nodes number of this epoch  4175881
------------------------------------------------------------------time -------------------------------train  5.589423179626465
--------------------------------------------------------------------------------start epoch  9
train nodes number of this epoch  4173762
------------------------------------------------------------------time -------------------------------train  4.858591556549072
--------------------------------------------------------------------------------start epoch  10
train nodes number of this epoch  4173730
------------------------------------------------------------------time -------------------------------train  5.432863473892212
--------------------------------------------------------------------------------start epoch  11
train nodes number of this epoch  4174336
------------------------------------------------------------------time -------------------------------train  5.240940093994141
--------------------------------------------------------------------------------start epoch  12
train nodes number of this epoch  4174421
------------------------------------------------------------------time -------------------------------train  5.307652235031128
--------------------------------------------------------------------------------start epoch  13
train nodes number of this epoch  4175827
------------------------------------------------------------------time -------------------------------train  5.19926905632019
--------------------------------------------------------------------------------start epoch  14
train nodes number of this epoch  4173866
------------------------------------------------------------------time -------------------------------train  5.1103949546813965
--------------------------------------------------------------------------------start epoch  15
train nodes number of this epoch  4176367
------------------------------------------------------------------time -------------------------------train  5.766565322875977
--------------------------------------------------------------------------------start epoch  16
train nodes number of this epoch  4174327
------------------------------------------------------------------time -------------------------------train  5.32191014289856
--------------------------------------------------------------------------------start epoch  17
train nodes number of this epoch  4174518
------------------------------------------------------------------time -------------------------------train  5.273100852966309
--------------------------------------------------------------------------------start epoch  18
train nodes number of this epoch  4175509
------------------------------------------------------------------time -------------------------------train  5.118266820907593
--------------------------------------------------------------------------------start epoch  19
train nodes number of this epoch  4174764
------------------------------------------------------------------time -------------------------------train  5.449156045913696
--------------------------------------------------------------------------------start epoch  20
train nodes number of this epoch  4175383
------------------------------------------------------------------time -------------------------------train  4.911188364028931
--------------------------------------------------------------------------------start epoch  21
train nodes number of this epoch  4174748
------------------------------------------------------------------time -------------------------------train  5.285849571228027
--------------------------------------------------------------------------------start epoch  22
train nodes number of this epoch  4174081
------------------------------------------------------------------time -------------------------------train  5.254891633987427
--------------------------------------------------------------------------------start epoch  23
train nodes number of this epoch  4174548
------------------------------------------------------------------time -------------------------------train  5.322771072387695
--------------------------------------------------------------------------------start epoch  24
train nodes number of this epoch  4175480
------------------------------------------------------------------time -------------------------------train  5.288516998291016
--------------------------------------------------------------------------------start epoch  25
train nodes number of this epoch  4174039
------------------------------------------------------------------time -------------------------------train  4.838990688323975
--------------------------------------------------------------------------------start epoch  26
train nodes number of this epoch  4175135
------------------------------------------------------------------time -------------------------------train  5.037856340408325
--------------------------------------------------------------------------------start epoch  27
train nodes number of this epoch  4175559
------------------------------------------------------------------time -------------------------------train  4.786933660507202
--------------------------------------------------------------------------------start epoch  28
train nodes number of this epoch  4175795
------------------------------------------------------------------time -------------------------------train  5.317320346832275
--------------------------------------------------------------------------------start epoch  29
train nodes number of this epoch  4174976
------------------------------------------------------------------time -------------------------------train  5.048522233963013
--------------------------------------------------------------------------------start epoch  30
train nodes number of this epoch  4175188
------------------------------------------------------------------time -------------------------------train  4.8419249057769775
	total avg iteration(step) data from cpu to GPU time:1.63152061 s
	total avg iteration GPU training time:2.06631280 s
	total avg iteration (step) total CPU time:3.70587361 s
	total avg epoch total CPU time including train loader :5.22027475 s
	avg epoch nodes input :4174835.90000000 s
--------------------------------------------------------------------------------end training
time for training epoches
num of epoches  30
avg epoches training time  5.228700358292152
