main start at this time 1634600375.269118
Namespace(R=5, aggre='lstm', batch_size=39349, data_cpu=False, dataset='ogbn-mag', dropout=0.5, eval_batch_size=100000, eval_every=5, fan_out='10', gpu=0, inductive=False, log_every=5, lr=0.003, num_epochs=30, num_hidden=16, num_layers=1, num_workers=4, seed=1236, selection_method='range', weight_decay=0)
load ogbn-mag
-------------------------------------------------------------data = DglNodePropPredDataset(name=name)***************************

 step Time(s): 0.4735
finish loading ogbn-mag
target_type_id  3
counts tensor([1134649,   59965,    8740,  736389])
len(paper label)
736389
{'train': {'paper': tensor([     0,      1,      2,  ..., 736386, 736387, 736388])}, 'valid': {'paper': tensor([   332,    756,    784,  ..., 736364, 736367, 736370])}, 'test': {'paper': tensor([   359,    411,    608,  ..., 736358, 736384, 736385])}}
# total Nodes: 1939743
# total Edges: 42222014
# paper graph Labels: 736389
# paper graph Train: 629571
# paper graph Val: 64879
# paper graph Test: 41939
# paper graph Classes: 349
Compute neighbor-averaged feats
in_feats
128
feats
6
torch.Size([736389, 128])
train_nfeat
tensor([[-0.0954,  0.0408, -0.2109,  ...,  0.0616, -0.0277, -0.1338],
        [-0.1510, -0.1073, -0.2220,  ...,  0.3458, -0.0277, -0.2185],
        [-0.1148, -0.1760, -0.2606,  ...,  0.1731, -0.1564, -0.2780],
        ...,
        [ 0.0228, -0.0865,  0.0981,  ..., -0.0547, -0.2077, -0.2305],
        [-0.2891, -0.2029, -0.1525,  ...,  0.1042,  0.2041, -0.3528],
        [-0.0890, -0.0348, -0.2642,  ...,  0.2601, -0.0875, -0.5171]])
torch.Size([736389, 128])
labels
tensor([246, 131, 189,  ..., 266, 289,   1])
736389
g.ndata
tensor([1203354, 1203355, 1203356,  ..., 1939740, 1939741, 1939742])
{'_ID': tensor([1203354, 1203355, 1203356,  ..., 1939740, 1939741, 1939742]), '_TYPE': tensor([3, 3, 3,  ..., 3, 3, 3]), 'target_mask': tensor([True, True, True,  ..., True, True, True])}
--------------------------------------------------------------------------------start epoch  1
train nodes number of this epoch  3682793
------------------------------------------------------------------time -------------------------------train  4.840057373046875
--------------------------------------------------------------------------------start epoch  2
train nodes number of this epoch  3683811
------------------------------------------------------------------time -------------------------------train  4.005032539367676
--------------------------------------------------------------------------------start epoch  3
train nodes number of this epoch  3684419
------------------------------------------------------------------time -------------------------------train  4.2529051303863525
--------------------------------------------------------------------------------start epoch  4
train nodes number of this epoch  3685744
------------------------------------------------------------------time -------------------------------train  3.9918863773345947
--------------------------------------------------------------------------------start epoch  5
train nodes number of this epoch  3683099
------------------------------------------------------------------time -------------------------------train  4.063592910766602
--------------------------------------------------------------------------------start epoch  6
train nodes number of this epoch  3683710
------------------------------------------------------------------time -------------------------------train  3.8982670307159424
--------------------------------------------------------------------------------start epoch  7
train nodes number of this epoch  3683075
------------------------------------------------------------------time -------------------------------train  4.438447713851929
--------------------------------------------------------------------------------start epoch  8
train nodes number of this epoch  3684131
------------------------------------------------------------------time -------------------------------train  4.395354509353638
--------------------------------------------------------------------------------start epoch  9
train nodes number of this epoch  3683956
------------------------------------------------------------------time -------------------------------train  4.146650552749634
--------------------------------------------------------------------------------start epoch  10
train nodes number of this epoch  3684392
------------------------------------------------------------------time -------------------------------train  4.13034200668335
--------------------------------------------------------------------------------start epoch  11
train nodes number of this epoch  3684592
------------------------------------------------------------------time -------------------------------train  4.008667707443237
--------------------------------------------------------------------------------start epoch  12
train nodes number of this epoch  3683245
------------------------------------------------------------------time -------------------------------train  3.991480827331543
--------------------------------------------------------------------------------start epoch  13
train nodes number of this epoch  3685526
------------------------------------------------------------------time -------------------------------train  4.162088394165039
--------------------------------------------------------------------------------start epoch  14
train nodes number of this epoch  3682384
------------------------------------------------------------------time -------------------------------train  4.2046284675598145
--------------------------------------------------------------------------------start epoch  15
train nodes number of this epoch  3685510
------------------------------------------------------------------time -------------------------------train  3.928227663040161
--------------------------------------------------------------------------------start epoch  16
train nodes number of this epoch  3683696
------------------------------------------------------------------time -------------------------------train  4.194093227386475
--------------------------------------------------------------------------------start epoch  17
train nodes number of this epoch  3684267
------------------------------------------------------------------time -------------------------------train  3.92375111579895
--------------------------------------------------------------------------------start epoch  18
train nodes number of this epoch  3684799
------------------------------------------------------------------time -------------------------------train  3.8466320037841797
--------------------------------------------------------------------------------start epoch  19
train nodes number of this epoch  3683685
------------------------------------------------------------------time -------------------------------train  3.9824612140655518
--------------------------------------------------------------------------------start epoch  20
train nodes number of this epoch  3684348
------------------------------------------------------------------time -------------------------------train  3.937805652618408
--------------------------------------------------------------------------------start epoch  21
train nodes number of this epoch  3684100
------------------------------------------------------------------time -------------------------------train  4.098306894302368
--------------------------------------------------------------------------------start epoch  22
train nodes number of this epoch  3684064
------------------------------------------------------------------time -------------------------------train  4.307783842086792
--------------------------------------------------------------------------------start epoch  23
train nodes number of this epoch  3683191
------------------------------------------------------------------time -------------------------------train  3.9948854446411133
--------------------------------------------------------------------------------start epoch  24
train nodes number of this epoch  3684197
------------------------------------------------------------------time -------------------------------train  4.158344030380249
--------------------------------------------------------------------------------start epoch  25
train nodes number of this epoch  3683803
------------------------------------------------------------------time -------------------------------train  4.0002663135528564
--------------------------------------------------------------------------------start epoch  26
train nodes number of this epoch  3684107
------------------------------------------------------------------time -------------------------------train  3.962582588195801
--------------------------------------------------------------------------------start epoch  27
train nodes number of this epoch  3684108
------------------------------------------------------------------time -------------------------------train  3.8489129543304443
--------------------------------------------------------------------------------start epoch  28
train nodes number of this epoch  3684432
------------------------------------------------------------------time -------------------------------train  4.087278127670288
--------------------------------------------------------------------------------start epoch  29
train nodes number of this epoch  3684760
------------------------------------------------------------------time -------------------------------train  4.249761343002319
--------------------------------------------------------------------------------start epoch  30
train nodes number of this epoch  3683921
------------------------------------------------------------------time -------------------------------train  4.154212713241577
	total avg iteration(step) data from cpu to GPU time:1.23201335 s
	total avg iteration GPU training time:1.24985264 s
	total avg iteration (step) total CPU time:2.48734729 s
	total avg epoch total CPU time including train loader :4.08402927 s
	avg epoch nodes input :3684062.16666667 s
--------------------------------------------------------------------------------end training
time for training epoches
num of epoches  30
avg epoches training time  4.08440298047559
