main start at this time 1634601443.0282805
Namespace(R=5, aggre='lstm', batch_size=4949, data_cpu=False, dataset='ogbn-mag', dropout=0.5, eval_batch_size=100000, eval_every=5, fan_out='10', gpu=0, inductive=False, log_every=5, lr=0.003, num_epochs=30, num_hidden=16, num_layers=1, num_workers=4, seed=1236, selection_method='range', weight_decay=0)
load ogbn-mag
-------------------------------------------------------------data = DglNodePropPredDataset(name=name)***************************

 step Time(s): 0.4819
finish loading ogbn-mag
target_type_id  3
counts tensor([1134649,   59965,    8740,  736389])
len(paper label)
736389
{'train': {'paper': tensor([     0,      1,      2,  ..., 736386, 736387, 736388])}, 'valid': {'paper': tensor([   332,    756,    784,  ..., 736364, 736367, 736370])}, 'test': {'paper': tensor([   359,    411,    608,  ..., 736358, 736384, 736385])}}
# total Nodes: 1939743
# total Edges: 42222014
# paper graph Labels: 736389
# paper graph Train: 629571
# paper graph Val: 64879
# paper graph Test: 41939
# paper graph Classes: 349
Compute neighbor-averaged feats
in_feats
128
feats
6
torch.Size([736389, 128])
train_nfeat
tensor([[-0.0954,  0.0408, -0.2109,  ...,  0.0616, -0.0277, -0.1338],
        [-0.1510, -0.1073, -0.2220,  ...,  0.3458, -0.0277, -0.2185],
        [-0.1148, -0.1760, -0.2606,  ...,  0.1731, -0.1564, -0.2780],
        ...,
        [ 0.0228, -0.0865,  0.0981,  ..., -0.0547, -0.2077, -0.2305],
        [-0.2891, -0.2029, -0.1525,  ...,  0.1042,  0.2041, -0.3528],
        [-0.0890, -0.0348, -0.2642,  ...,  0.2601, -0.0875, -0.5171]])
torch.Size([736389, 128])
labels
tensor([246, 131, 189,  ..., 266, 289,   1])
736389
g.ndata
tensor([1203354, 1203355, 1203356,  ..., 1939740, 1939741, 1939742])
{'_ID': tensor([1203354, 1203355, 1203356,  ..., 1939740, 1939741, 1939742]), '_TYPE': tensor([3, 3, 3,  ..., 3, 3, 3]), 'target_mask': tensor([True, True, True,  ..., True, True, True])}
--------------------------------------------------------------------------------start epoch  1
train nodes number of this epoch  4669086
------------------------------------------------------------------time -------------------------------train  12.086466550827026
--------------------------------------------------------------------------------start epoch  2
train nodes number of this epoch  4668219
------------------------------------------------------------------time -------------------------------train  9.868207216262817
--------------------------------------------------------------------------------start epoch  3
train nodes number of this epoch  4668053
------------------------------------------------------------------time -------------------------------train  11.817716360092163
--------------------------------------------------------------------------------start epoch  4
train nodes number of this epoch  4668613
------------------------------------------------------------------time -------------------------------train  10.487890243530273
--------------------------------------------------------------------------------start epoch  5
train nodes number of this epoch  4669223
------------------------------------------------------------------time -------------------------------train  11.55750584602356
--------------------------------------------------------------------------------start epoch  6
train nodes number of this epoch  4668490
------------------------------------------------------------------time -------------------------------train  11.528154850006104
--------------------------------------------------------------------------------start epoch  7
train nodes number of this epoch  4668733
------------------------------------------------------------------time -------------------------------train  11.573652267456055
--------------------------------------------------------------------------------start epoch  8
train nodes number of this epoch  4669211
------------------------------------------------------------------time -------------------------------train  9.622211456298828
--------------------------------------------------------------------------------start epoch  9
train nodes number of this epoch  4668609
------------------------------------------------------------------time -------------------------------train  11.363126993179321
--------------------------------------------------------------------------------start epoch  10
train nodes number of this epoch  4667830
------------------------------------------------------------------time -------------------------------train  11.760234832763672
--------------------------------------------------------------------------------start epoch  11
train nodes number of this epoch  4668412
------------------------------------------------------------------time -------------------------------train  11.479981660842896
--------------------------------------------------------------------------------start epoch  12
train nodes number of this epoch  4668105
------------------------------------------------------------------time -------------------------------train  12.149601697921753
--------------------------------------------------------------------------------start epoch  13
train nodes number of this epoch  4668274
------------------------------------------------------------------time -------------------------------train  11.835639476776123
--------------------------------------------------------------------------------start epoch  14
train nodes number of this epoch  4669461
------------------------------------------------------------------time -------------------------------train  12.058253049850464
--------------------------------------------------------------------------------start epoch  15
train nodes number of this epoch  4669191
------------------------------------------------------------------time -------------------------------train  10.58648133277893
--------------------------------------------------------------------------------start epoch  16
train nodes number of this epoch  4668631
------------------------------------------------------------------time -------------------------------train  11.399197340011597
--------------------------------------------------------------------------------start epoch  17
train nodes number of this epoch  4668947
------------------------------------------------------------------time -------------------------------train  10.684637069702148
--------------------------------------------------------------------------------start epoch  18
train nodes number of this epoch  4669799
------------------------------------------------------------------time -------------------------------train  10.994777202606201
--------------------------------------------------------------------------------start epoch  19
train nodes number of this epoch  4668507
------------------------------------------------------------------time -------------------------------train  11.834874629974365
--------------------------------------------------------------------------------start epoch  20
train nodes number of this epoch  4669041
------------------------------------------------------------------time -------------------------------train  9.779141664505005
--------------------------------------------------------------------------------start epoch  21
train nodes number of this epoch  4669204
------------------------------------------------------------------time -------------------------------train  11.843328475952148
--------------------------------------------------------------------------------start epoch  22
train nodes number of this epoch  4668323
------------------------------------------------------------------time -------------------------------train  11.174558639526367
--------------------------------------------------------------------------------start epoch  23
train nodes number of this epoch  4668880
------------------------------------------------------------------time -------------------------------train  10.22929573059082
--------------------------------------------------------------------------------start epoch  24
train nodes number of this epoch  4669028
------------------------------------------------------------------time -------------------------------train  11.564212083816528
--------------------------------------------------------------------------------start epoch  25
train nodes number of this epoch  4668572
------------------------------------------------------------------time -------------------------------train  11.478084564208984
--------------------------------------------------------------------------------start epoch  26
train nodes number of this epoch  4668993
------------------------------------------------------------------time -------------------------------train  11.499544858932495
--------------------------------------------------------------------------------start epoch  27
train nodes number of this epoch  4668236
------------------------------------------------------------------time -------------------------------train  10.509517908096313
--------------------------------------------------------------------------------start epoch  28
train nodes number of this epoch  4668511
------------------------------------------------------------------time -------------------------------train  10.38773250579834
--------------------------------------------------------------------------------start epoch  29
train nodes number of this epoch  4669466
------------------------------------------------------------------time -------------------------------train  11.422515869140625
--------------------------------------------------------------------------------start epoch  30
train nodes number of this epoch  4668300
------------------------------------------------------------------time -------------------------------train  10.807967901229858
	total avg iteration(step) data from cpu to GPU time:1.70107466 s
	total avg iteration GPU training time:7.72511358 s
	total avg iteration (step) total CPU time:9.45790516 s
	total avg epoch total CPU time including train loader :11.19355956 s
	avg epoch nodes input :4668731.60000000 s
--------------------------------------------------------------------------------end training
time for training epoches
num of epoches  30
avg epoches training time  11.149046897888184
