main start at this time 1634600109.3544085
Namespace(R=5, aggre='lstm', batch_size=78697, data_cpu=False, dataset='ogbn-mag', dropout=0.5, eval_batch_size=100000, eval_every=5, fan_out='10', gpu=0, inductive=False, log_every=5, lr=0.003, num_epochs=30, num_hidden=16, num_layers=1, num_workers=4, seed=1236, selection_method='range', weight_decay=0)
load ogbn-mag
-------------------------------------------------------------data = DglNodePropPredDataset(name=name)***************************

 step Time(s): 0.5434
finish loading ogbn-mag
target_type_id  3
counts tensor([1134649,   59965,    8740,  736389])
len(paper label)
736389
{'train': {'paper': tensor([     0,      1,      2,  ..., 736386, 736387, 736388])}, 'valid': {'paper': tensor([   332,    756,    784,  ..., 736364, 736367, 736370])}, 'test': {'paper': tensor([   359,    411,    608,  ..., 736358, 736384, 736385])}}
# total Nodes: 1939743
# total Edges: 42222014
# paper graph Labels: 736389
# paper graph Train: 629571
# paper graph Val: 64879
# paper graph Test: 41939
# paper graph Classes: 349
Compute neighbor-averaged feats
in_feats
128
feats
6
torch.Size([736389, 128])
train_nfeat
tensor([[-0.0954,  0.0408, -0.2109,  ...,  0.0616, -0.0277, -0.1338],
        [-0.1510, -0.1073, -0.2220,  ...,  0.3458, -0.0277, -0.2185],
        [-0.1148, -0.1760, -0.2606,  ...,  0.1731, -0.1564, -0.2780],
        ...,
        [ 0.0228, -0.0865,  0.0981,  ..., -0.0547, -0.2077, -0.2305],
        [-0.2891, -0.2029, -0.1525,  ...,  0.1042,  0.2041, -0.3528],
        [-0.0890, -0.0348, -0.2642,  ...,  0.2601, -0.0875, -0.5171]])
torch.Size([736389, 128])
labels
tensor([246, 131, 189,  ..., 266, 289,   1])
736389
g.ndata
tensor([1203354, 1203355, 1203356,  ..., 1939740, 1939741, 1939742])
{'_ID': tensor([1203354, 1203355, 1203356,  ..., 1939740, 1939741, 1939742]), '_TYPE': tensor([3, 3, 3,  ..., 3, 3, 3]), 'target_mask': tensor([True, True, True,  ..., True, True, True])}
--------------------------------------------------------------------------------start epoch  1
train nodes number of this epoch  2987098
------------------------------------------------------------------time -------------------------------train  4.991451263427734
--------------------------------------------------------------------------------start epoch  2
train nodes number of this epoch  2989297
------------------------------------------------------------------time -------------------------------train  3.989032506942749
--------------------------------------------------------------------------------start epoch  3
train nodes number of this epoch  2989843
------------------------------------------------------------------time -------------------------------train  4.0150065422058105
--------------------------------------------------------------------------------start epoch  4
train nodes number of this epoch  2989759
------------------------------------------------------------------time -------------------------------train  3.7643215656280518
--------------------------------------------------------------------------------start epoch  5
train nodes number of this epoch  2987867
------------------------------------------------------------------time -------------------------------train  3.98677396774292
--------------------------------------------------------------------------------start epoch  6
train nodes number of this epoch  2988094
------------------------------------------------------------------time -------------------------------train  3.960744619369507
--------------------------------------------------------------------------------start epoch  7
train nodes number of this epoch  2988486
------------------------------------------------------------------time -------------------------------train  3.9088172912597656
--------------------------------------------------------------------------------start epoch  8
train nodes number of this epoch  2988318
------------------------------------------------------------------time -------------------------------train  3.902161121368408
--------------------------------------------------------------------------------start epoch  9
train nodes number of this epoch  2989170
------------------------------------------------------------------time -------------------------------train  3.8364713191986084
--------------------------------------------------------------------------------start epoch  10
train nodes number of this epoch  2988743
------------------------------------------------------------------time -------------------------------train  3.746129035949707
--------------------------------------------------------------------------------start epoch  11
train nodes number of this epoch  2988720
------------------------------------------------------------------time -------------------------------train  3.8673598766326904
--------------------------------------------------------------------------------start epoch  12
train nodes number of this epoch  2987722
------------------------------------------------------------------time -------------------------------train  3.889303684234619
--------------------------------------------------------------------------------start epoch  13
train nodes number of this epoch  2988728
------------------------------------------------------------------time -------------------------------train  3.7503819465637207
--------------------------------------------------------------------------------start epoch  14
train nodes number of this epoch  2987149
------------------------------------------------------------------time -------------------------------train  3.9113500118255615
--------------------------------------------------------------------------------start epoch  15
train nodes number of this epoch  2989832
------------------------------------------------------------------time -------------------------------train  3.9535813331604004
--------------------------------------------------------------------------------start epoch  16
train nodes number of this epoch  2988456
------------------------------------------------------------------time -------------------------------train  3.8965485095977783
--------------------------------------------------------------------------------start epoch  17
train nodes number of this epoch  2987972
------------------------------------------------------------------time -------------------------------train  3.959376335144043
--------------------------------------------------------------------------------start epoch  18
train nodes number of this epoch  2987872
------------------------------------------------------------------time -------------------------------train  3.877467632293701
--------------------------------------------------------------------------------start epoch  19
train nodes number of this epoch  2989012
------------------------------------------------------------------time -------------------------------train  3.939920663833618
--------------------------------------------------------------------------------start epoch  20
train nodes number of this epoch  2987553
------------------------------------------------------------------time -------------------------------train  3.947420358657837
--------------------------------------------------------------------------------start epoch  21
train nodes number of this epoch  2989453
------------------------------------------------------------------time -------------------------------train  3.8463077545166016
--------------------------------------------------------------------------------start epoch  22
train nodes number of this epoch  2989183
------------------------------------------------------------------time -------------------------------train  3.811370372772217
--------------------------------------------------------------------------------start epoch  23
train nodes number of this epoch  2990111
------------------------------------------------------------------time -------------------------------train  3.7900338172912598
--------------------------------------------------------------------------------start epoch  24
train nodes number of this epoch  2989148
------------------------------------------------------------------time -------------------------------train  3.580554723739624
--------------------------------------------------------------------------------start epoch  25
train nodes number of this epoch  2988904
------------------------------------------------------------------time -------------------------------train  3.874613046646118
--------------------------------------------------------------------------------start epoch  26
train nodes number of this epoch  2988981
------------------------------------------------------------------time -------------------------------train  3.7897756099700928
--------------------------------------------------------------------------------start epoch  27
train nodes number of this epoch  2987167
------------------------------------------------------------------time -------------------------------train  3.9540209770202637
--------------------------------------------------------------------------------start epoch  28
train nodes number of this epoch  2989424
------------------------------------------------------------------time -------------------------------train  3.970641851425171
--------------------------------------------------------------------------------start epoch  29
train nodes number of this epoch  2988888
------------------------------------------------------------------time -------------------------------train  3.9783308506011963
--------------------------------------------------------------------------------start epoch  30
train nodes number of this epoch  2986884
------------------------------------------------------------------time -------------------------------train  4.083618640899658
	total avg iteration(step) data from cpu to GPU time:0.92787403 s
	total avg iteration GPU training time:1.15742496 s
	total avg iteration (step) total CPU time:2.08797417 s
	total avg epoch total CPU time including train loader :3.88526062 s
	avg epoch nodes input :2988594.46666667 s
--------------------------------------------------------------------------------end training
time for training epoches
num of epoches  30
avg epoches training time  3.892091915525239
