main start at this time 1634601007.2396946
Namespace(R=5, aggre='lstm', batch_size=9838, data_cpu=False, dataset='ogbn-mag', dropout=0.5, eval_batch_size=100000, eval_every=5, fan_out='10', gpu=0, inductive=False, log_every=5, lr=0.003, num_epochs=30, num_hidden=16, num_layers=1, num_workers=4, seed=1236, selection_method='range', weight_decay=0)
load ogbn-mag
-------------------------------------------------------------data = DglNodePropPredDataset(name=name)***************************

 step Time(s): 0.4842
finish loading ogbn-mag
target_type_id  3
counts tensor([1134649,   59965,    8740,  736389])
len(paper label)
736389
{'train': {'paper': tensor([     0,      1,      2,  ..., 736386, 736387, 736388])}, 'valid': {'paper': tensor([   332,    756,    784,  ..., 736364, 736367, 736370])}, 'test': {'paper': tensor([   359,    411,    608,  ..., 736358, 736384, 736385])}}
# total Nodes: 1939743
# total Edges: 42222014
# paper graph Labels: 736389
# paper graph Train: 629571
# paper graph Val: 64879
# paper graph Test: 41939
# paper graph Classes: 349
Compute neighbor-averaged feats
in_feats
128
feats
6
torch.Size([736389, 128])
train_nfeat
tensor([[-0.0954,  0.0408, -0.2109,  ...,  0.0616, -0.0277, -0.1338],
        [-0.1510, -0.1073, -0.2220,  ...,  0.3458, -0.0277, -0.2185],
        [-0.1148, -0.1760, -0.2606,  ...,  0.1731, -0.1564, -0.2780],
        ...,
        [ 0.0228, -0.0865,  0.0981,  ..., -0.0547, -0.2077, -0.2305],
        [-0.2891, -0.2029, -0.1525,  ...,  0.1042,  0.2041, -0.3528],
        [-0.0890, -0.0348, -0.2642,  ...,  0.2601, -0.0875, -0.5171]])
torch.Size([736389, 128])
labels
tensor([246, 131, 189,  ..., 266, 289,   1])
736389
g.ndata
tensor([1203354, 1203355, 1203356,  ..., 1939740, 1939741, 1939742])
{'_ID': tensor([1203354, 1203355, 1203356,  ..., 1939740, 1939741, 1939742]), '_TYPE': tensor([3, 3, 3,  ..., 3, 3, 3]), 'target_mask': tensor([True, True, True,  ..., True, True, True])}
--------------------------------------------------------------------------------start epoch  1
train nodes number of this epoch  4485064
------------------------------------------------------------------time -------------------------------train  7.295392751693726
--------------------------------------------------------------------------------start epoch  2
train nodes number of this epoch  4485057
------------------------------------------------------------------time -------------------------------train  7.104090213775635
--------------------------------------------------------------------------------start epoch  3
train nodes number of this epoch  4484902
------------------------------------------------------------------time -------------------------------train  7.2540977001190186
--------------------------------------------------------------------------------start epoch  4
train nodes number of this epoch  4487497
------------------------------------------------------------------time -------------------------------train  7.185423374176025
--------------------------------------------------------------------------------start epoch  5
train nodes number of this epoch  4486523
------------------------------------------------------------------time -------------------------------train  6.855163097381592
--------------------------------------------------------------------------------start epoch  6
train nodes number of this epoch  4486079
------------------------------------------------------------------time -------------------------------train  7.175375699996948
--------------------------------------------------------------------------------start epoch  7
train nodes number of this epoch  4483715
------------------------------------------------------------------time -------------------------------train  7.235951662063599
--------------------------------------------------------------------------------start epoch  8
train nodes number of this epoch  4486726
------------------------------------------------------------------time -------------------------------train  7.033419609069824
--------------------------------------------------------------------------------start epoch  9
train nodes number of this epoch  4484706
------------------------------------------------------------------time -------------------------------train  7.212196350097656
--------------------------------------------------------------------------------start epoch  10
train nodes number of this epoch  4484933
------------------------------------------------------------------time -------------------------------train  7.349247455596924
--------------------------------------------------------------------------------start epoch  11
train nodes number of this epoch  4485695
------------------------------------------------------------------time -------------------------------train  7.38467264175415
--------------------------------------------------------------------------------start epoch  12
train nodes number of this epoch  4487142
------------------------------------------------------------------time -------------------------------train  7.1956329345703125
--------------------------------------------------------------------------------start epoch  13
train nodes number of this epoch  4485082
------------------------------------------------------------------time -------------------------------train  7.076718091964722
--------------------------------------------------------------------------------start epoch  14
train nodes number of this epoch  4485956
------------------------------------------------------------------time -------------------------------train  6.767764091491699
--------------------------------------------------------------------------------start epoch  15
train nodes number of this epoch  4487396
------------------------------------------------------------------time -------------------------------train  6.5367431640625
--------------------------------------------------------------------------------start epoch  16
train nodes number of this epoch  4485843
------------------------------------------------------------------time -------------------------------train  7.855525732040405
--------------------------------------------------------------------------------start epoch  17
train nodes number of this epoch  4485400
------------------------------------------------------------------time -------------------------------train  7.163931608200073
--------------------------------------------------------------------------------start epoch  18
train nodes number of this epoch  4487084
------------------------------------------------------------------time -------------------------------train  7.070258617401123
--------------------------------------------------------------------------------start epoch  19
train nodes number of this epoch  4485745
------------------------------------------------------------------time -------------------------------train  7.40298056602478
--------------------------------------------------------------------------------start epoch  20
train nodes number of this epoch  4486192
------------------------------------------------------------------time -------------------------------train  7.458153963088989
--------------------------------------------------------------------------------start epoch  21
train nodes number of this epoch  4485670
------------------------------------------------------------------time -------------------------------train  7.113146543502808
--------------------------------------------------------------------------------start epoch  22
train nodes number of this epoch  4486200
------------------------------------------------------------------time -------------------------------train  6.806058168411255
--------------------------------------------------------------------------------start epoch  23
train nodes number of this epoch  4485166
------------------------------------------------------------------time -------------------------------train  6.198018312454224
--------------------------------------------------------------------------------start epoch  24
train nodes number of this epoch  4485241
------------------------------------------------------------------time -------------------------------train  7.649402379989624
--------------------------------------------------------------------------------start epoch  25
train nodes number of this epoch  4484720
------------------------------------------------------------------time -------------------------------train  7.205916881561279
--------------------------------------------------------------------------------start epoch  26
train nodes number of this epoch  4486728
------------------------------------------------------------------time -------------------------------train  7.554056167602539
--------------------------------------------------------------------------------start epoch  27
train nodes number of this epoch  4486326
------------------------------------------------------------------time -------------------------------train  6.321313858032227
--------------------------------------------------------------------------------start epoch  28
train nodes number of this epoch  4485680
------------------------------------------------------------------time -------------------------------train  6.245929956436157
--------------------------------------------------------------------------------start epoch  29
train nodes number of this epoch  4485536
------------------------------------------------------------------time -------------------------------train  6.987592697143555
--------------------------------------------------------------------------------start epoch  30
train nodes number of this epoch  4486242
------------------------------------------------------------------time -------------------------------train  6.219462633132935
	total avg iteration(step) data from cpu to GPU time:1.73698932 s
	total avg iteration GPU training time:3.76141452 s
	total avg iteration (step) total CPU time:5.51379238 s
	total avg epoch total CPU time including train loader :7.05381971 s
	avg epoch nodes input :4485808.20000000 s
--------------------------------------------------------------------------------end training
time for training epoches
num of epoches  30
avg epoches training time  7.056955896574875
